#
# A fatal error has been detected by the Java Runtime Environment:
#
#  SIGSEGV (0xb) at pc=0x0000000184e35704, pid=68946, tid=4099
#
# JRE version: OpenJDK Runtime Environment Zulu17.38+21-CA (17.0.5+8) (build 17.0.5+8-LTS)
# Java VM: OpenJDK 64-Bit Server VM Zulu17.38+21-CA (17.0.5+8-LTS, mixed mode, sharing, tiered, compressed oops, compressed class ptrs, g1 gc, bsd-aarch64)
# Problematic frame:
# C  [libsystem_platform.dylib+0x1704]  _platform_strlen+0x4
#
# No core dump will be written. Core dumps have been disabled. To enable core dumping, try "ulimit -c unlimited" before starting Java again
#
# If you would like to submit a bug report, please visit:
#   http://www.azul.com/support/
#

---------------  S U M M A R Y ------------

Command Line: -Djava.library.path=bazel-bin/java/runtime/test/com/facebook/upb/runtime/MessagesTest.runfiles/upb//java/runtime/main/com/facebook/upb/runtime/jni -ea -Dbazel.test_suite=com.facebook.upb.runtime.MessagesTest com.google.testing.junit.runner.BazelTestRunner

Host: "MacBookPro18,2" arm64, 10 cores, 64G, Darwin 22.3.0, macOS 13.2.1 (22D68)
Time: Tue Mar  7 16:22:15 2023 IST elapsed time: 0.112384 seconds (0d 0h 0m 0s)

---------------  T H R E A D  ---------------

Current thread (0x000000013d809400):  JavaThread "main" [_thread_in_vm, id=4099, stack(0x000000016afb0000,0x000000016b1b3000)]

Stack: [0x000000016afb0000,0x000000016b1b3000],  sp=0x000000016b1b0440,  free space=2049k
Native frames: (J=compiled Java code, j=interpreted, Vv=VM code, C=native code)
C  [libsystem_platform.dylib+0x1704]  _platform_strlen+0x4
C  [libjavaupbruntime.dylib+0x4fb8]  JNIEnv_::RegisterNatives(_jclass*, JNINativeMethod const*, int)+0x38
C  [libjavaupbruntime.dylib+0x5b7c]  Minitable::registerNatives(JNIEnv_*)+0x74
C  [libjavaupbruntime.dylib+0x4e00]  JNI_OnLoad+0x74
C  [libjava.dylib+0x615c]  Java_jdk_internal_loader_NativeLibraries_load+0x170
j  jdk.internal.loader.NativeLibraries.load(Ljdk/internal/loader/NativeLibraries$NativeLibraryImpl;Ljava/lang/String;ZZZ)Z+0 java.base@17.0.5
j  jdk.internal.loader.NativeLibraries$NativeLibraryImpl.open()Z+60 java.base@17.0.5
j  jdk.internal.loader.NativeLibraries.loadLibrary(Ljava/lang/Class;Ljava/lang/String;Z)Ljdk/internal/loader/NativeLibrary;+256 java.base@17.0.5
j  jdk.internal.loader.NativeLibraries.loadLibrary(Ljava/lang/Class;Ljava/io/File;)Ljdk/internal/loader/NativeLibrary;+51 java.base@17.0.5
j  jdk.internal.loader.NativeLibraries.findFromPaths([Ljava/lang/String;Ljava/lang/Class;Ljava/lang/String;)Ljdk/internal/loader/NativeLibrary;+44 java.base@17.0.5
j  jdk.internal.loader.NativeLibraries.loadLibrary(Ljava/lang/Class;Ljava/lang/String;)Ljdk/internal/loader/NativeLibrary;+51 java.base@17.0.5
j  java.lang.ClassLoader.loadLibrary(Ljava/lang/Class;Ljava/lang/String;)Ljdk/internal/loader/NativeLibrary;+186 java.base@17.0.5
j  java.lang.Runtime.loadLibrary0(Ljava/lang/Class;Ljava/lang/String;)V+53 java.base@17.0.5
j  java.lang.System.loadLibrary(Ljava/lang/String;)V+7 java.base@17.0.5
j  com.facebook.upb.runtime.Messages.<clinit>()V+2
v  ~StubRoutines::call_stub
V  [libjvm.dylib+0x470958]  JavaCalls::call_helper(JavaValue*, methodHandle const&, JavaCallArguments*, JavaThread*)+0x394
V  [libjvm.dylib+0x450b10]  InstanceKlass::call_class_initializer(JavaThread*)+0x1e8
V  [libjvm.dylib+0x450230]  InstanceKlass::initialize_impl(JavaThread*)+0x564
V  [libjvm.dylib+0x68f8f4]  LinkResolver::resolve_static_call(CallInfo&, LinkInfo const&, bool, JavaThread*)+0x78
V  [libjvm.dylib+0x69182c]  LinkResolver::resolve_invoke(CallInfo&, Handle, constantPoolHandle const&, int, Bytecodes::Code, JavaThread*)+0xac
V  [libjvm.dylib+0x469948]  InterpreterRuntime::resolve_invoke(JavaThread*, Bytecodes::Code)+0x298
V  [libjvm.dylib+0x469f20]  InterpreterRuntime::resolve_from_cache(JavaThread*, Bytecodes::Code)+0x98
j  com.facebook.upb.runtime.Arena.<clinit>()V+0
v  ~StubRoutines::call_stub
V  [libjvm.dylib+0x470958]  JavaCalls::call_helper(JavaValue*, methodHandle const&, JavaCallArguments*, JavaThread*)+0x394
V  [libjvm.dylib+0x450b10]  InstanceKlass::call_class_initializer(JavaThread*)+0x1e8
V  [libjvm.dylib+0x450230]  InstanceKlass::initialize_impl(JavaThread*)+0x564
V  [libjvm.dylib+0x4660b8]  InterpreterRuntime::_new(JavaThread*, ConstantPool*, int)+0xdc
j  com.facebook.upb.runtime.MessagesTest.createMessage()V+0
v  ~StubRoutines::call_stub
V  [libjvm.dylib+0x470958]  JavaCalls::call_helper(JavaValue*, methodHandle const&, JavaCallArguments*, JavaThread*)+0x394
V  [libjvm.dylib+0x837ea8]  invoke(InstanceKlass*, methodHandle const&, Handle, bool, objArrayHandle, BasicType, objArrayHandle, bool, JavaThread*)+0x924
V  [libjvm.dylib+0x837524]  Reflection::invoke_method(oopDesc*, Handle, objArrayHandle, JavaThread*)+0x160
V  [libjvm.dylib+0x52cd44]  JVM_InvokeMethod+0x370
j  jdk.internal.reflect.NativeMethodAccessorImpl.invoke0(Ljava/lang/reflect/Method;Ljava/lang/Object;[Ljava/lang/Object;)Ljava/lang/Object;+0 java.base@17.0.5
j  jdk.internal.reflect.NativeMethodAccessorImpl.invoke(Ljava/lang/Object;[Ljava/lang/Object;)Ljava/lang/Object;+133 java.base@17.0.5
j  jdk.internal.reflect.DelegatingMethodAccessorImpl.invoke(Ljava/lang/Object;[Ljava/lang/Object;)Ljava/lang/Object;+6 java.base@17.0.5
j  java.lang.reflect.Method.invoke(Ljava/lang/Object;[Ljava/lang/Object;)Ljava/lang/Object;+59 java.base@17.0.5
j  org.junit.runners.model.FrameworkMethod$1.runReflectiveCall()Ljava/lang/Object;+15
j  org.junit.internal.runners.model.ReflectiveCallable.run()Ljava/lang/Object;+1
j  org.junit.runners.model.FrameworkMethod.invokeExplosively(Ljava/lang/Object;[Ljava/lang/Object;)Ljava/lang/Object;+10
j  org.junit.internal.runners.statements.InvokeMethod.evaluate()V+12
j  org.junit.runners.ParentRunner$3.evaluate()V+4
j  org.junit.runners.BlockJUnit4ClassRunner$1.evaluate()V+11
j  org.junit.runners.ParentRunner.runLeaf(Lorg/junit/runners/model/Statement;Lorg/junit/runner/Description;Lorg/junit/runner/notification/RunNotifier;)V+17
j  org.junit.runners.BlockJUnit4ClassRunner.runChild(Lorg/junit/runners/model/FrameworkMethod;Lorg/junit/runner/notification/RunNotifier;)V+38
j  org.junit.runners.BlockJUnit4ClassRunner.runChild(Ljava/lang/Object;Lorg/junit/runner/notification/RunNotifier;)V+6
j  org.junit.runners.ParentRunner$4.run()V+12
j  org.junit.runners.ParentRunner$1.schedule(Ljava/lang/Runnable;)V+1
j  org.junit.runners.ParentRunner.runChildren(Lorg/junit/runner/notification/RunNotifier;)V+44
j  org.junit.runners.ParentRunner.access$100(Lorg/junit/runners/ParentRunner;Lorg/junit/runner/notification/RunNotifier;)V+2
j  org.junit.runners.ParentRunner$2.evaluate()V+8
j  org.junit.runners.ParentRunner$3.evaluate()V+4
j  org.junit.runners.ParentRunner.run(Lorg/junit/runner/notification/RunNotifier;)V+24
j  com.google.testing.junit.runner.internal.junit4.CancellableRequestFactory$CancellableRunner.run(Lorg/junit/runner/notification/RunNotifier;)V+70
j  org.junit.runner.JUnitCore.run(Lorg/junit/runner/Runner;)Lorg/junit/runner/Result;+37
j  org.junit.runner.JUnitCore.run(Lorg/junit/runner/Request;)Lorg/junit/runner/Result;+5
j  com.google.testing.junit.runner.junit4.JUnit4Runner.run()Lorg/junit/runner/Result;+208
j  com.google.testing.junit.runner.BazelTestRunner.runTestsInSuite(Ljava/lang/String;[Ljava/lang/String;)I+70
j  com.google.testing.junit.runner.BazelTestRunner.main([Ljava/lang/String;)V+23
v  ~StubRoutines::call_stub
V  [libjvm.dylib+0x470958]  JavaCalls::call_helper(JavaValue*, methodHandle const&, JavaCallArguments*, JavaThread*)+0x394
V  [libjvm.dylib+0x4d59a0]  jni_invoke_static(JNIEnv_*, JavaValue*, _jobject*, JNICallType, _jmethodID*, JNI_ArgumentPusher*, JavaThread*)+0x12c
V  [libjvm.dylib+0x4d8fcc]  jni_CallStaticVoidMethod+0x130
C  [libjli.dylib+0x5468]  JavaMain+0x9d4
C  [libjli.dylib+0x77d8]  ThreadJavaMain+0xc
C  [libsystem_pthread.dylib+0x706c]  _pthread_start+0x94

Java frames: (J=compiled Java code, j=interpreted, Vv=VM code)
j  jdk.internal.loader.NativeLibraries.load(Ljdk/internal/loader/NativeLibraries$NativeLibraryImpl;Ljava/lang/String;ZZZ)Z+0 java.base@17.0.5
j  jdk.internal.loader.NativeLibraries$NativeLibraryImpl.open()Z+60 java.base@17.0.5
j  jdk.internal.loader.NativeLibraries.loadLibrary(Ljava/lang/Class;Ljava/lang/String;Z)Ljdk/internal/loader/NativeLibrary;+256 java.base@17.0.5
j  jdk.internal.loader.NativeLibraries.loadLibrary(Ljava/lang/Class;Ljava/io/File;)Ljdk/internal/loader/NativeLibrary;+51 java.base@17.0.5
j  jdk.internal.loader.NativeLibraries.findFromPaths([Ljava/lang/String;Ljava/lang/Class;Ljava/lang/String;)Ljdk/internal/loader/NativeLibrary;+44 java.base@17.0.5
j  jdk.internal.loader.NativeLibraries.loadLibrary(Ljava/lang/Class;Ljava/lang/String;)Ljdk/internal/loader/NativeLibrary;+51 java.base@17.0.5
j  java.lang.ClassLoader.loadLibrary(Ljava/lang/Class;Ljava/lang/String;)Ljdk/internal/loader/NativeLibrary;+186 java.base@17.0.5
j  java.lang.Runtime.loadLibrary0(Ljava/lang/Class;Ljava/lang/String;)V+53 java.base@17.0.5
j  java.lang.System.loadLibrary(Ljava/lang/String;)V+7 java.base@17.0.5
j  com.facebook.upb.runtime.Messages.<clinit>()V+2
v  ~StubRoutines::call_stub
j  com.facebook.upb.runtime.Arena.<clinit>()V+0
v  ~StubRoutines::call_stub
j  com.facebook.upb.runtime.MessagesTest.createMessage()V+0
v  ~StubRoutines::call_stub
j  jdk.internal.reflect.NativeMethodAccessorImpl.invoke0(Ljava/lang/reflect/Method;Ljava/lang/Object;[Ljava/lang/Object;)Ljava/lang/Object;+0 java.base@17.0.5
j  jdk.internal.reflect.NativeMethodAccessorImpl.invoke(Ljava/lang/Object;[Ljava/lang/Object;)Ljava/lang/Object;+133 java.base@17.0.5
j  jdk.internal.reflect.DelegatingMethodAccessorImpl.invoke(Ljava/lang/Object;[Ljava/lang/Object;)Ljava/lang/Object;+6 java.base@17.0.5
j  java.lang.reflect.Method.invoke(Ljava/lang/Object;[Ljava/lang/Object;)Ljava/lang/Object;+59 java.base@17.0.5
j  org.junit.runners.model.FrameworkMethod$1.runReflectiveCall()Ljava/lang/Object;+15
j  org.junit.internal.runners.model.ReflectiveCallable.run()Ljava/lang/Object;+1
j  org.junit.runners.model.FrameworkMethod.invokeExplosively(Ljava/lang/Object;[Ljava/lang/Object;)Ljava/lang/Object;+10
j  org.junit.internal.runners.statements.InvokeMethod.evaluate()V+12
j  org.junit.runners.ParentRunner$3.evaluate()V+4
j  org.junit.runners.BlockJUnit4ClassRunner$1.evaluate()V+11
j  org.junit.runners.ParentRunner.runLeaf(Lorg/junit/runners/model/Statement;Lorg/junit/runner/Description;Lorg/junit/runner/notification/RunNotifier;)V+17
j  org.junit.runners.BlockJUnit4ClassRunner.runChild(Lorg/junit/runners/model/FrameworkMethod;Lorg/junit/runner/notification/RunNotifier;)V+38
j  org.junit.runners.BlockJUnit4ClassRunner.runChild(Ljava/lang/Object;Lorg/junit/runner/notification/RunNotifier;)V+6
j  org.junit.runners.ParentRunner$4.run()V+12
j  org.junit.runners.ParentRunner$1.schedule(Ljava/lang/Runnable;)V+1
j  org.junit.runners.ParentRunner.runChildren(Lorg/junit/runner/notification/RunNotifier;)V+44
j  org.junit.runners.ParentRunner.access$100(Lorg/junit/runners/ParentRunner;Lorg/junit/runner/notification/RunNotifier;)V+2
j  org.junit.runners.ParentRunner$2.evaluate()V+8
j  org.junit.runners.ParentRunner$3.evaluate()V+4
j  org.junit.runners.ParentRunner.run(Lorg/junit/runner/notification/RunNotifier;)V+24
j  com.google.testing.junit.runner.internal.junit4.CancellableRequestFactory$CancellableRunner.run(Lorg/junit/runner/notification/RunNotifier;)V+70
j  org.junit.runner.JUnitCore.run(Lorg/junit/runner/Runner;)Lorg/junit/runner/Result;+37
j  org.junit.runner.JUnitCore.run(Lorg/junit/runner/Request;)Lorg/junit/runner/Result;+5
j  com.google.testing.junit.runner.junit4.JUnit4Runner.run()Lorg/junit/runner/Result;+208
j  com.google.testing.junit.runner.BazelTestRunner.runTestsInSuite(Ljava/lang/String;[Ljava/lang/String;)I+70
j  com.google.testing.junit.runner.BazelTestRunner.main([Ljava/lang/String;)V+23
v  ~StubRoutines::call_stub

siginfo: si_signo: 11 (SIGSEGV), si_code: 2 (SEGV_ACCERR), si_addr: 0x0000000000000000

Register to memory mapping:

 x0=0x0 is NULL
 x1=0x0 is NULL
 x2=0x000000013d06e0d0 points into unknown readable memory: 0x5b2800062c6f0001 | 01 00 6f 2c 06 00 28 5b
 x3=0x0 is NULL
 x4=0x0 is NULL
 x5=0x0 is NULL
 x6=0x0000000100000000 is an unknown value
 x7=0x000000013d809400 is a thread
 x8=0x000000000000ffff is an unknown value
 x9=0x000000006cbd0002 is an unknown value
x10=0x0000000000000001 is an unknown value
x11=0x000000006cbd0002 is an unknown value
x12=0x0 is NULL
x13={method} {0x000000013b0a4bc8} '<clinit>' '()V' in 'com/facebook/upb/runtime/Minitable'
x14=0x00000000af659f63 is an unknown value
x15=0x0000000104f38000 points into unknown readable memory: 0x0000000000000000 | 00 00 00 00 00 00 00 00
x16=0x0000000184e35700: _platform_strlen+0 in /usr/lib/system/libsystem_platform.dylib at 0x0000000184e34000
x17=0x000000013d008f10 points into unknown readable memory: 0xfffffffffffffffe | fe ff ff ff ff ff ff ff
x18=0x0 is NULL
x19=0x000000010a3d0110: _ZN9Minitable12_GLOBAL__N_17methodsE+0x20 in /private/var/tmp/_bazel_carmi/1919a156238b52a0883637a90d99e913/execroot/upb/bazel-out/darwin_arm64-fastbuild/bin/java/runtime/main/com/facebook/upb/runtime/jni/libjavaupbruntime.dylib at 0x000000010a3b0000
x20=0x0 is NULL
x21=0x0000000000000001 is an unknown value
x22=0x000000010a3d00f0: _ZN9Minitable12_GLOBAL__N_17methodsE+0 in /private/var/tmp/_bazel_carmi/1919a156238b52a0883637a90d99e913/execroot/upb/bazel-out/darwin_arm64-fastbuild/bin/java/runtime/main/com/facebook/upb/runtime/jni/libjavaupbruntime.dylib at 0x000000010a3b0000
x23=0x0000000000000002 is an unknown value
x24=0x0 is NULL
x25=0x000000013d809400 is a thread
x26=0x0 is NULL
x27=0x000000013d06e0d0 points into unknown readable memory: 0x5b2800062c6f0001 | 01 00 6f 2c 06 00 28 5b
x28=0x0 is NULL


Registers:
 x0=0x0000000000000000  x1=0x0000000000000000  x2=0x000000013d06e0d0  x3=0x0000000000000000
 x4=0x0000000000000000  x5=0x0000000000000000  x6=0x0000000100000000  x7=0x000000013d809400
 x8=0x000000000000ffff  x9=0x000000006cbd0002 x10=0x0000000000000001 x11=0x000000006cbd0002
x12=0x0000000000000000 x13=0x000000013b0a4bc8 x14=0x00000000af659f63 x15=0x0000000104f38000
x16=0x0000000184e35700 x17=0x000000013d008f10 x18=0x0000000000000000 x19=0x000000010a3d0110
x20=0x0000000000000000 x21=0x0000000000000001 x22=0x000000010a3d00f0 x23=0x0000000000000002
x24=0x0000000000000000 x25=0x000000013d809400 x26=0x0000000000000000 x27=0x000000013d06e0d0
x28=0x0000000000000000  fp=0x000000016b1b05a0  lr=0x000000010b4f5fd4  sp=0x000000016b1b0440
pc=0x0000000184e35704 cpsr=0x0000000020001000
Top of Stack: (sp=0x000000016b1b0440)
0x000000016b1b0440:   000000013d011fa0 000000013d009b24
0x000000016b1b0450:   000000013d009b38 0000000000000001
0x000000016b1b0460:   000000013d809400 0000000000000000
0x000000016b1b0470:   000000013d008fb0 000000013d008fb0
0x000000016b1b0480:   000000043fec14f8 000000013d0096c8
0x000000016b1b0490:   00000008010277a8 000000013d809400
0x000000016b1b04a0:   0000000000000000 0000000000000000
0x000000016b1b04b0:   000000013d008fb0 0000000149634f3c
0x000000016b1b04c0:   000000043fec14f8 000000013d0096c8
0x000000016b1b04d0:   000000016b1b0520 000000010b51f36c
0x000000016b1b04e0:   000000013d008fb0 000000013d008fb0
0x000000016b1b04f0:   000000043fec14f8 17167798eb240061
0x000000016b1b0500:   0000000000010001 000000010a090000
0x000000016b1b0510:   000000080044f6b8 000000010a3b4d8c
0x000000016b1b0520:   000000008042d150 0000000000000000
0x000000016b1b0530:   000000016b1b0898 000000013d8096b0
0x000000016b1b0540:   17167798eb240061 000000013d809400
0x000000016b1b0550:   0000000000010001 000000010a090000
0x000000016b1b0560:   000000080044f6b8 000000010a3b4d8c
0x000000016b1b0570:   000000008042d150 0000000000000000
0x000000016b1b0580:   000000016b1b0898 000000013d007880
0x000000016b1b0590:   000000013d8096b0 000000016b1b0890
0x000000016b1b05a0:   000000016b1b05d0 000000010a3b4fb8
0x000000016b1b05b0:   000000026b1b05d0 000000010a3d00f0
0x000000016b1b05c0:   000000013d02c158 000000013d8096b0
0x000000016b1b05d0:   000000016b1b0610 000000010a3b5b7c
0x000000016b1b05e0:   000000010a3d00f0 000000013d02c158
0x000000016b1b05f0:   000000010a3d00f0 000000013d8096b0
0x000000016b1b0600:   000000013d02c158 000000013d8096b0
0x000000016b1b0610:   000000016b1b0640 000000010a3b4e00
0x000000016b1b0620:   000000016b1b0898 000000013d8096b0
0x000000016b1b0630:   0000000000000000 000000010bc368d8 

Instructions: (pc=0x0000000184e35704)
0x0000000184e35604:   ca000000 d65f03c0 6e211c21 6e213400
0x0000000184e35614:   9cfff861 4ea11c00 6e31a800 1e260003
0x0000000184e35624:   eb02007f 54fffee2 d1004063 38636804
0x0000000184e35634:   38636825 cb050080 d65f03c0 03020100
0x0000000184e35644:   07060504 0b0a0908 0f0e0d0c 00000000
0x0000000184e35654:   00000000 00000000 00000000 ea01003f
0x0000000184e35664:   540004e4 54000300 927cec02 3dc00040
0x0000000184e35674:   10fffe63 3cc10462 92400c04 cb040063
0x0000000184e35684:   3dc00061 4ea11c00 8b040021 14000005
0x0000000184e35694:   d503201f d503201f d503201f 3cc10c40
0x0000000184e356a4:   6e31a801 1e260023 34000123 f1004021
0x0000000184e356b4:   54ffff68 cb000040 91004021 8b010000
0x0000000184e356c4:   d65f03c0 aa1f03e0 d65f03c0 6e211c21
0x0000000184e356d4:   6e213400 4ea21c00 6e31a801 1e260023
0x0000000184e356e4:   cb000040 eb03003f 9a833021 8b010000
0x0000000184e356f4:   d65f03c0 d503201f d503201f 927cec01
0x0000000184e35704:   3dc00020 10fff9c3 3cc10462 92400c02
0x0000000184e35714:   cb020063 3dc00061 4ea11c00 14000005
0x0000000184e35724:   d503201f d503201f d503201f 3cc10c20
0x0000000184e35734:   6e31a801 1e260022 35ffffa2 6e211c21
0x0000000184e35744:   6e213400 4ea21c00 6e31a801 1e260022
0x0000000184e35754:   cb000020 8b020000 d65f03c0 f8bfc008
0x0000000184e35764:   92400509 f100053f 54000181 b2704fe9
0x0000000184e35774:   f2983009 f9400129 d37ef529 cb080128
0x0000000184e35784:   91000508 f100411f 54000063 92800008
0x0000000184e35794:   f9000008 d65f03c0 d2800008 d53bd069
0x0000000184e357a4:   f9400d23 92407c69 c8e87c09 f100011f
0x0000000184e357b4:   54000041 14000002 1400077e d503237f
0x0000000184e357c4:   a9be4ff4 a9017bfd 910043fd aa0303f3
0x0000000184e357d4:   aa0003f4 aa0103e0 d63f085f b2704fe8
0x0000000184e357e4:   f2983008 f9400108 52800029 b37ef509
0x0000000184e357f4:   f8698281 6b13003f 54000081 a9417bfd 


Stack slot to memory mapping:
stack at sp + 0 slots: 0x000000013d011fa0 points into unknown readable memory: 0x000000010bc1c9e8 | e8 c9 c1 0b 01 00 00 00
stack at sp + 1 slots: 0x000000013d009b24 points into unknown readable memory: 00 00 00 00
stack at sp + 2 slots: 0x000000013d009b38 points into unknown readable memory: 0x0000000000000000 | 00 00 00 00 00 00 00 00
stack at sp + 3 slots: 0x0000000000000001 is an unknown value
stack at sp + 4 slots: 0x000000013d809400 is a thread
stack at sp + 5 slots: 0x0 is NULL
stack at sp + 6 slots: 0x000000013d008fb0 points into unknown readable memory: 0x0000000000000002 | 02 00 00 00 00 00 00 00
stack at sp + 7 slots: 0x000000013d008fb0 points into unknown readable memory: 0x0000000000000002 | 02 00 00 00 00 00 00 00


---------------  P R O C E S S  ---------------

Threads class SMR info:
_java_thread_list=0x000000013d128fa0, length=12, elements={
0x000000013d809400, 0x000000013d85de00, 0x000000013d860600, 0x000000013c01f400,
0x000000013c01e400, 0x000000013c00e600, 0x000000013c020000, 0x000000013c020600,
0x000000013c020c00, 0x000000013c02b600, 0x000000013c02bc00, 0x000000013d857200
}

Java Threads: ( => current thread )
=>0x000000013d809400 JavaThread "main" [_thread_in_vm, id=4099, stack(0x000000016afb0000,0x000000016b1b3000)]
  0x000000013d85de00 JavaThread "Reference Handler" daemon [_thread_blocked, id=19459, stack(0x000000016be04000,0x000000016c007000)]
  0x000000013d860600 JavaThread "Finalizer" daemon [_thread_blocked, id=18691, stack(0x000000016c010000,0x000000016c213000)]
  0x000000013c01f400 JavaThread "Signal Dispatcher" daemon [_thread_blocked, id=30979, stack(0x000000016c334000,0x000000016c537000)]
  0x000000013c01e400 JavaThread "Service Thread" daemon [_thread_blocked, id=22787, stack(0x000000016c540000,0x000000016c743000)]
  0x000000013c00e600 JavaThread "Monitor Deflation Thread" daemon [_thread_blocked, id=23043, stack(0x000000016c74c000,0x000000016c94f000)]
  0x000000013c020000 JavaThread "C2 CompilerThread0" daemon [_thread_blocked, id=23555, stack(0x000000016c958000,0x000000016cb5b000)]
  0x000000013c020600 JavaThread "C1 CompilerThread0" daemon [_thread_blocked, id=24067, stack(0x000000016cb64000,0x000000016cd67000)]
  0x000000013c020c00 JavaThread "Sweeper thread" daemon [_thread_blocked, id=24579, stack(0x000000016cd70000,0x000000016cf73000)]
  0x000000013c02b600 JavaThread "Notification Thread" daemon [_thread_blocked, id=29955, stack(0x000000016cf7c000,0x000000016d17f000)]
  0x000000013c02bc00 JavaThread "Common-Cleaner" daemon [_thread_blocked, id=25091, stack(0x000000016d394000,0x000000016d597000)]
  0x000000013d857200 JavaThread "C2 CompilerThread1" daemon [_thread_blocked, id=29187, stack(0x000000016d5a0000,0x000000016d7a3000)]

Other Threads:
  0x000000013d029d60 VMThread "VM Thread" [stack: 0x000000016bbf8000,0x000000016bdfb000] [id=18179]
  0x000000013be2f390 WatcherThread [stack: 0x000000016d188000,0x000000016d38b000] [id=29699]
  0x000000013d018020 GCTaskThread "GC Thread#0" [stack: 0x000000016b1bc000,0x000000016b3bf000] [id=12547]
  0x000000013d018ee0 ConcurrentGCThread "G1 Main Marker" [stack: 0x000000016b3c8000,0x000000016b5cb000] [id=14083]
  0x000000013d104110 ConcurrentGCThread "G1 Conc#0" [stack: 0x000000016b5d4000,0x000000016b7d7000] [id=13059]
  0x000000013d11e290 ConcurrentGCThread "G1 Refine#0" [stack: 0x000000016b7e0000,0x000000016b9e3000] [id=16643]
  0x000000013d019e50 ConcurrentGCThread "G1 Service" [stack: 0x000000016b9ec000,0x000000016bbef000] [id=21507]

Threads with active compile tasks:

VM state: not at safepoint (normal execution)

VM Mutex/Monitor currently owned by a thread: None

Heap address: 0x0000000400000000, size: 16384 MB, Compressed Oops mode: Zero based, Oop shift amount: 3

CDS archive(s) mapped at: [0x0000000800000000-0x0000000800c08000-0x0000000800c08000), size 12615680, SharedBaseAddress: 0x0000000800000000, ArchiveRelocationMode: 0.
Compressed class space mapped at: 0x0000000801000000-0x0000000841000000, reserved size: 1073741824
Narrow klass base: 0x0000000800000000, Narrow klass shift: 0, Narrow klass range: 0x100000000

GC Precious Log:
 CPUs: 10 total, 10 available
 Memory: 65536M
 Large Page Support: Disabled
 NUMA Support: Disabled
 Compressed Oops: Enabled (Zero based)
 Heap Region Size: 8M
 Heap Min Capacity: 8M
 Heap Initial Capacity: 1G
 Heap Max Capacity: 16G
 Pre-touch: Disabled
 Parallel Workers: 9
 Concurrent Workers: 2
 Concurrent Refinement Workers: 9
 Periodic GC: Disabled

Heap:
 garbage-first heap   total 1064960K, used 8160K [0x0000000400000000, 0x0000000800000000)
  region size 8192K, 1 young (8192K), 0 survivors (0K)
 Metaspace       used 2577K, committed 2752K, reserved 1056768K
  class space    used 322K, committed 384K, reserved 1048576K

Heap Regions: E=young(eden), S=young(survivor), O=old, HS=humongous(starts), HC=humongous(continues), CS=collection set, F=free, OA=open archive, CA=closed archive, TAMS=top-at-mark-start (previous, next)
|   0|0x0000000400000000, 0x0000000400000000, 0x0000000400800000|  0%| F|  |TAMS 0x0000000400000000, 0x0000000400000000| Untracked 
|   1|0x0000000400800000, 0x0000000400800000, 0x0000000401000000|  0%| F|  |TAMS 0x0000000400800000, 0x0000000400800000| Untracked 
|   2|0x0000000401000000, 0x0000000401000000, 0x0000000401800000|  0%| F|  |TAMS 0x0000000401000000, 0x0000000401000000| Untracked 
|   3|0x0000000401800000, 0x0000000401800000, 0x0000000402000000|  0%| F|  |TAMS 0x0000000401800000, 0x0000000401800000| Untracked 
|   4|0x0000000402000000, 0x0000000402000000, 0x0000000402800000|  0%| F|  |TAMS 0x0000000402000000, 0x0000000402000000| Untracked 
|   5|0x0000000402800000, 0x0000000402800000, 0x0000000403000000|  0%| F|  |TAMS 0x0000000402800000, 0x0000000402800000| Untracked 
|   6|0x0000000403000000, 0x0000000403000000, 0x0000000403800000|  0%| F|  |TAMS 0x0000000403000000, 0x0000000403000000| Untracked 
|   7|0x0000000403800000, 0x0000000403800000, 0x0000000404000000|  0%| F|  |TAMS 0x0000000403800000, 0x0000000403800000| Untracked 
|   8|0x0000000404000000, 0x0000000404000000, 0x0000000404800000|  0%| F|  |TAMS 0x0000000404000000, 0x0000000404000000| Untracked 
|   9|0x0000000404800000, 0x0000000404800000, 0x0000000405000000|  0%| F|  |TAMS 0x0000000404800000, 0x0000000404800000| Untracked 
|  10|0x0000000405000000, 0x0000000405000000, 0x0000000405800000|  0%| F|  |TAMS 0x0000000405000000, 0x0000000405000000| Untracked 
|  11|0x0000000405800000, 0x0000000405800000, 0x0000000406000000|  0%| F|  |TAMS 0x0000000405800000, 0x0000000405800000| Untracked 
|  12|0x0000000406000000, 0x0000000406000000, 0x0000000406800000|  0%| F|  |TAMS 0x0000000406000000, 0x0000000406000000| Untracked 
|  13|0x0000000406800000, 0x0000000406800000, 0x0000000407000000|  0%| F|  |TAMS 0x0000000406800000, 0x0000000406800000| Untracked 
|  14|0x0000000407000000, 0x0000000407000000, 0x0000000407800000|  0%| F|  |TAMS 0x0000000407000000, 0x0000000407000000| Untracked 
|  15|0x0000000407800000, 0x0000000407800000, 0x0000000408000000|  0%| F|  |TAMS 0x0000000407800000, 0x0000000407800000| Untracked 
|  16|0x0000000408000000, 0x0000000408000000, 0x0000000408800000|  0%| F|  |TAMS 0x0000000408000000, 0x0000000408000000| Untracked 
|  17|0x0000000408800000, 0x0000000408800000, 0x0000000409000000|  0%| F|  |TAMS 0x0000000408800000, 0x0000000408800000| Untracked 
|  18|0x0000000409000000, 0x0000000409000000, 0x0000000409800000|  0%| F|  |TAMS 0x0000000409000000, 0x0000000409000000| Untracked 
|  19|0x0000000409800000, 0x0000000409800000, 0x000000040a000000|  0%| F|  |TAMS 0x0000000409800000, 0x0000000409800000| Untracked 
|  20|0x000000040a000000, 0x000000040a000000, 0x000000040a800000|  0%| F|  |TAMS 0x000000040a000000, 0x000000040a000000| Untracked 
|  21|0x000000040a800000, 0x000000040a800000, 0x000000040b000000|  0%| F|  |TAMS 0x000000040a800000, 0x000000040a800000| Untracked 
|  22|0x000000040b000000, 0x000000040b000000, 0x000000040b800000|  0%| F|  |TAMS 0x000000040b000000, 0x000000040b000000| Untracked 
|  23|0x000000040b800000, 0x000000040b800000, 0x000000040c000000|  0%| F|  |TAMS 0x000000040b800000, 0x000000040b800000| Untracked 
|  24|0x000000040c000000, 0x000000040c000000, 0x000000040c800000|  0%| F|  |TAMS 0x000000040c000000, 0x000000040c000000| Untracked 
|  25|0x000000040c800000, 0x000000040c800000, 0x000000040d000000|  0%| F|  |TAMS 0x000000040c800000, 0x000000040c800000| Untracked 
|  26|0x000000040d000000, 0x000000040d000000, 0x000000040d800000|  0%| F|  |TAMS 0x000000040d000000, 0x000000040d000000| Untracked 
|  27|0x000000040d800000, 0x000000040d800000, 0x000000040e000000|  0%| F|  |TAMS 0x000000040d800000, 0x000000040d800000| Untracked 
|  28|0x000000040e000000, 0x000000040e000000, 0x000000040e800000|  0%| F|  |TAMS 0x000000040e000000, 0x000000040e000000| Untracked 
|  29|0x000000040e800000, 0x000000040e800000, 0x000000040f000000|  0%| F|  |TAMS 0x000000040e800000, 0x000000040e800000| Untracked 
|  30|0x000000040f000000, 0x000000040f000000, 0x000000040f800000|  0%| F|  |TAMS 0x000000040f000000, 0x000000040f000000| Untracked 
|  31|0x000000040f800000, 0x000000040f800000, 0x0000000410000000|  0%| F|  |TAMS 0x000000040f800000, 0x000000040f800000| Untracked 
|  32|0x0000000410000000, 0x0000000410000000, 0x0000000410800000|  0%| F|  |TAMS 0x0000000410000000, 0x0000000410000000| Untracked 
|  33|0x0000000410800000, 0x0000000410800000, 0x0000000411000000|  0%| F|  |TAMS 0x0000000410800000, 0x0000000410800000| Untracked 
|  34|0x0000000411000000, 0x0000000411000000, 0x0000000411800000|  0%| F|  |TAMS 0x0000000411000000, 0x0000000411000000| Untracked 
|  35|0x0000000411800000, 0x0000000411800000, 0x0000000412000000|  0%| F|  |TAMS 0x0000000411800000, 0x0000000411800000| Untracked 
|  36|0x0000000412000000, 0x0000000412000000, 0x0000000412800000|  0%| F|  |TAMS 0x0000000412000000, 0x0000000412000000| Untracked 
|  37|0x0000000412800000, 0x0000000412800000, 0x0000000413000000|  0%| F|  |TAMS 0x0000000412800000, 0x0000000412800000| Untracked 
|  38|0x0000000413000000, 0x0000000413000000, 0x0000000413800000|  0%| F|  |TAMS 0x0000000413000000, 0x0000000413000000| Untracked 
|  39|0x0000000413800000, 0x0000000413800000, 0x0000000414000000|  0%| F|  |TAMS 0x0000000413800000, 0x0000000413800000| Untracked 
|  40|0x0000000414000000, 0x0000000414000000, 0x0000000414800000|  0%| F|  |TAMS 0x0000000414000000, 0x0000000414000000| Untracked 
|  41|0x0000000414800000, 0x0000000414800000, 0x0000000415000000|  0%| F|  |TAMS 0x0000000414800000, 0x0000000414800000| Untracked 
|  42|0x0000000415000000, 0x0000000415000000, 0x0000000415800000|  0%| F|  |TAMS 0x0000000415000000, 0x0000000415000000| Untracked 
|  43|0x0000000415800000, 0x0000000415800000, 0x0000000416000000|  0%| F|  |TAMS 0x0000000415800000, 0x0000000415800000| Untracked 
|  44|0x0000000416000000, 0x0000000416000000, 0x0000000416800000|  0%| F|  |TAMS 0x0000000416000000, 0x0000000416000000| Untracked 
|  45|0x0000000416800000, 0x0000000416800000, 0x0000000417000000|  0%| F|  |TAMS 0x0000000416800000, 0x0000000416800000| Untracked 
|  46|0x0000000417000000, 0x0000000417000000, 0x0000000417800000|  0%| F|  |TAMS 0x0000000417000000, 0x0000000417000000| Untracked 
|  47|0x0000000417800000, 0x0000000417800000, 0x0000000418000000|  0%| F|  |TAMS 0x0000000417800000, 0x0000000417800000| Untracked 
|  48|0x0000000418000000, 0x0000000418000000, 0x0000000418800000|  0%| F|  |TAMS 0x0000000418000000, 0x0000000418000000| Untracked 
|  49|0x0000000418800000, 0x0000000418800000, 0x0000000419000000|  0%| F|  |TAMS 0x0000000418800000, 0x0000000418800000| Untracked 
|  50|0x0000000419000000, 0x0000000419000000, 0x0000000419800000|  0%| F|  |TAMS 0x0000000419000000, 0x0000000419000000| Untracked 
|  51|0x0000000419800000, 0x0000000419800000, 0x000000041a000000|  0%| F|  |TAMS 0x0000000419800000, 0x0000000419800000| Untracked 
|  52|0x000000041a000000, 0x000000041a000000, 0x000000041a800000|  0%| F|  |TAMS 0x000000041a000000, 0x000000041a000000| Untracked 
|  53|0x000000041a800000, 0x000000041a800000, 0x000000041b000000|  0%| F|  |TAMS 0x000000041a800000, 0x000000041a800000| Untracked 
|  54|0x000000041b000000, 0x000000041b000000, 0x000000041b800000|  0%| F|  |TAMS 0x000000041b000000, 0x000000041b000000| Untracked 
|  55|0x000000041b800000, 0x000000041b800000, 0x000000041c000000|  0%| F|  |TAMS 0x000000041b800000, 0x000000041b800000| Untracked 
|  56|0x000000041c000000, 0x000000041c000000, 0x000000041c800000|  0%| F|  |TAMS 0x000000041c000000, 0x000000041c000000| Untracked 
|  57|0x000000041c800000, 0x000000041c800000, 0x000000041d000000|  0%| F|  |TAMS 0x000000041c800000, 0x000000041c800000| Untracked 
|  58|0x000000041d000000, 0x000000041d000000, 0x000000041d800000|  0%| F|  |TAMS 0x000000041d000000, 0x000000041d000000| Untracked 
|  59|0x000000041d800000, 0x000000041d800000, 0x000000041e000000|  0%| F|  |TAMS 0x000000041d800000, 0x000000041d800000| Untracked 
|  60|0x000000041e000000, 0x000000041e000000, 0x000000041e800000|  0%| F|  |TAMS 0x000000041e000000, 0x000000041e000000| Untracked 
|  61|0x000000041e800000, 0x000000041e800000, 0x000000041f000000|  0%| F|  |TAMS 0x000000041e800000, 0x000000041e800000| Untracked 
|  62|0x000000041f000000, 0x000000041f000000, 0x000000041f800000|  0%| F|  |TAMS 0x000000041f000000, 0x000000041f000000| Untracked 
|  63|0x000000041f800000, 0x000000041f800000, 0x0000000420000000|  0%| F|  |TAMS 0x000000041f800000, 0x000000041f800000| Untracked 
|  64|0x0000000420000000, 0x0000000420000000, 0x0000000420800000|  0%| F|  |TAMS 0x0000000420000000, 0x0000000420000000| Untracked 
|  65|0x0000000420800000, 0x0000000420800000, 0x0000000421000000|  0%| F|  |TAMS 0x0000000420800000, 0x0000000420800000| Untracked 
|  66|0x0000000421000000, 0x0000000421000000, 0x0000000421800000|  0%| F|  |TAMS 0x0000000421000000, 0x0000000421000000| Untracked 
|  67|0x0000000421800000, 0x0000000421800000, 0x0000000422000000|  0%| F|  |TAMS 0x0000000421800000, 0x0000000421800000| Untracked 
|  68|0x0000000422000000, 0x0000000422000000, 0x0000000422800000|  0%| F|  |TAMS 0x0000000422000000, 0x0000000422000000| Untracked 
|  69|0x0000000422800000, 0x0000000422800000, 0x0000000423000000|  0%| F|  |TAMS 0x0000000422800000, 0x0000000422800000| Untracked 
|  70|0x0000000423000000, 0x0000000423000000, 0x0000000423800000|  0%| F|  |TAMS 0x0000000423000000, 0x0000000423000000| Untracked 
|  71|0x0000000423800000, 0x0000000423800000, 0x0000000424000000|  0%| F|  |TAMS 0x0000000423800000, 0x0000000423800000| Untracked 
|  72|0x0000000424000000, 0x0000000424000000, 0x0000000424800000|  0%| F|  |TAMS 0x0000000424000000, 0x0000000424000000| Untracked 
|  73|0x0000000424800000, 0x0000000424800000, 0x0000000425000000|  0%| F|  |TAMS 0x0000000424800000, 0x0000000424800000| Untracked 
|  74|0x0000000425000000, 0x0000000425000000, 0x0000000425800000|  0%| F|  |TAMS 0x0000000425000000, 0x0000000425000000| Untracked 
|  75|0x0000000425800000, 0x0000000425800000, 0x0000000426000000|  0%| F|  |TAMS 0x0000000425800000, 0x0000000425800000| Untracked 
|  76|0x0000000426000000, 0x0000000426000000, 0x0000000426800000|  0%| F|  |TAMS 0x0000000426000000, 0x0000000426000000| Untracked 
|  77|0x0000000426800000, 0x0000000426800000, 0x0000000427000000|  0%| F|  |TAMS 0x0000000426800000, 0x0000000426800000| Untracked 
|  78|0x0000000427000000, 0x0000000427000000, 0x0000000427800000|  0%| F|  |TAMS 0x0000000427000000, 0x0000000427000000| Untracked 
|  79|0x0000000427800000, 0x0000000427800000, 0x0000000428000000|  0%| F|  |TAMS 0x0000000427800000, 0x0000000427800000| Untracked 
|  80|0x0000000428000000, 0x0000000428000000, 0x0000000428800000|  0%| F|  |TAMS 0x0000000428000000, 0x0000000428000000| Untracked 
|  81|0x0000000428800000, 0x0000000428800000, 0x0000000429000000|  0%| F|  |TAMS 0x0000000428800000, 0x0000000428800000| Untracked 
|  82|0x0000000429000000, 0x0000000429000000, 0x0000000429800000|  0%| F|  |TAMS 0x0000000429000000, 0x0000000429000000| Untracked 
|  83|0x0000000429800000, 0x0000000429800000, 0x000000042a000000|  0%| F|  |TAMS 0x0000000429800000, 0x0000000429800000| Untracked 
|  84|0x000000042a000000, 0x000000042a000000, 0x000000042a800000|  0%| F|  |TAMS 0x000000042a000000, 0x000000042a000000| Untracked 
|  85|0x000000042a800000, 0x000000042a800000, 0x000000042b000000|  0%| F|  |TAMS 0x000000042a800000, 0x000000042a800000| Untracked 
|  86|0x000000042b000000, 0x000000042b000000, 0x000000042b800000|  0%| F|  |TAMS 0x000000042b000000, 0x000000042b000000| Untracked 
|  87|0x000000042b800000, 0x000000042b800000, 0x000000042c000000|  0%| F|  |TAMS 0x000000042b800000, 0x000000042b800000| Untracked 
|  88|0x000000042c000000, 0x000000042c000000, 0x000000042c800000|  0%| F|  |TAMS 0x000000042c000000, 0x000000042c000000| Untracked 
|  89|0x000000042c800000, 0x000000042c800000, 0x000000042d000000|  0%| F|  |TAMS 0x000000042c800000, 0x000000042c800000| Untracked 
|  90|0x000000042d000000, 0x000000042d000000, 0x000000042d800000|  0%| F|  |TAMS 0x000000042d000000, 0x000000042d000000| Untracked 
|  91|0x000000042d800000, 0x000000042d800000, 0x000000042e000000|  0%| F|  |TAMS 0x000000042d800000, 0x000000042d800000| Untracked 
|  92|0x000000042e000000, 0x000000042e000000, 0x000000042e800000|  0%| F|  |TAMS 0x000000042e000000, 0x000000042e000000| Untracked 
|  93|0x000000042e800000, 0x000000042e800000, 0x000000042f000000|  0%| F|  |TAMS 0x000000042e800000, 0x000000042e800000| Untracked 
|  94|0x000000042f000000, 0x000000042f000000, 0x000000042f800000|  0%| F|  |TAMS 0x000000042f000000, 0x000000042f000000| Untracked 
|  95|0x000000042f800000, 0x000000042f800000, 0x0000000430000000|  0%| F|  |TAMS 0x000000042f800000, 0x000000042f800000| Untracked 
|  96|0x0000000430000000, 0x0000000430000000, 0x0000000430800000|  0%| F|  |TAMS 0x0000000430000000, 0x0000000430000000| Untracked 
|  97|0x0000000430800000, 0x0000000430800000, 0x0000000431000000|  0%| F|  |TAMS 0x0000000430800000, 0x0000000430800000| Untracked 
|  98|0x0000000431000000, 0x0000000431000000, 0x0000000431800000|  0%| F|  |TAMS 0x0000000431000000, 0x0000000431000000| Untracked 
|  99|0x0000000431800000, 0x0000000431800000, 0x0000000432000000|  0%| F|  |TAMS 0x0000000431800000, 0x0000000431800000| Untracked 
| 100|0x0000000432000000, 0x0000000432000000, 0x0000000432800000|  0%| F|  |TAMS 0x0000000432000000, 0x0000000432000000| Untracked 
| 101|0x0000000432800000, 0x0000000432800000, 0x0000000433000000|  0%| F|  |TAMS 0x0000000432800000, 0x0000000432800000| Untracked 
| 102|0x0000000433000000, 0x0000000433000000, 0x0000000433800000|  0%| F|  |TAMS 0x0000000433000000, 0x0000000433000000| Untracked 
| 103|0x0000000433800000, 0x0000000433800000, 0x0000000434000000|  0%| F|  |TAMS 0x0000000433800000, 0x0000000433800000| Untracked 
| 104|0x0000000434000000, 0x0000000434000000, 0x0000000434800000|  0%| F|  |TAMS 0x0000000434000000, 0x0000000434000000| Untracked 
| 105|0x0000000434800000, 0x0000000434800000, 0x0000000435000000|  0%| F|  |TAMS 0x0000000434800000, 0x0000000434800000| Untracked 
| 106|0x0000000435000000, 0x0000000435000000, 0x0000000435800000|  0%| F|  |TAMS 0x0000000435000000, 0x0000000435000000| Untracked 
| 107|0x0000000435800000, 0x0000000435800000, 0x0000000436000000|  0%| F|  |TAMS 0x0000000435800000, 0x0000000435800000| Untracked 
| 108|0x0000000436000000, 0x0000000436000000, 0x0000000436800000|  0%| F|  |TAMS 0x0000000436000000, 0x0000000436000000| Untracked 
| 109|0x0000000436800000, 0x0000000436800000, 0x0000000437000000|  0%| F|  |TAMS 0x0000000436800000, 0x0000000436800000| Untracked 
| 110|0x0000000437000000, 0x0000000437000000, 0x0000000437800000|  0%| F|  |TAMS 0x0000000437000000, 0x0000000437000000| Untracked 
| 111|0x0000000437800000, 0x0000000437800000, 0x0000000438000000|  0%| F|  |TAMS 0x0000000437800000, 0x0000000437800000| Untracked 
| 112|0x0000000438000000, 0x0000000438000000, 0x0000000438800000|  0%| F|  |TAMS 0x0000000438000000, 0x0000000438000000| Untracked 
| 113|0x0000000438800000, 0x0000000438800000, 0x0000000439000000|  0%| F|  |TAMS 0x0000000438800000, 0x0000000438800000| Untracked 
| 114|0x0000000439000000, 0x0000000439000000, 0x0000000439800000|  0%| F|  |TAMS 0x0000000439000000, 0x0000000439000000| Untracked 
| 115|0x0000000439800000, 0x0000000439800000, 0x000000043a000000|  0%| F|  |TAMS 0x0000000439800000, 0x0000000439800000| Untracked 
| 116|0x000000043a000000, 0x000000043a000000, 0x000000043a800000|  0%| F|  |TAMS 0x000000043a000000, 0x000000043a000000| Untracked 
| 117|0x000000043a800000, 0x000000043a800000, 0x000000043b000000|  0%| F|  |TAMS 0x000000043a800000, 0x000000043a800000| Untracked 
| 118|0x000000043b000000, 0x000000043b000000, 0x000000043b800000|  0%| F|  |TAMS 0x000000043b000000, 0x000000043b000000| Untracked 
| 119|0x000000043b800000, 0x000000043b800000, 0x000000043c000000|  0%| F|  |TAMS 0x000000043b800000, 0x000000043b800000| Untracked 
| 120|0x000000043c000000, 0x000000043c000000, 0x000000043c800000|  0%| F|  |TAMS 0x000000043c000000, 0x000000043c000000| Untracked 
| 121|0x000000043c800000, 0x000000043c800000, 0x000000043d000000|  0%| F|  |TAMS 0x000000043c800000, 0x000000043c800000| Untracked 
| 122|0x000000043d000000, 0x000000043d000000, 0x000000043d800000|  0%| F|  |TAMS 0x000000043d000000, 0x000000043d000000| Untracked 
| 123|0x000000043d800000, 0x000000043d800000, 0x000000043e000000|  0%| F|  |TAMS 0x000000043d800000, 0x000000043d800000| Untracked 
| 124|0x000000043e000000, 0x000000043e000000, 0x000000043e800000|  0%| F|  |TAMS 0x000000043e000000, 0x000000043e000000| Untracked 
| 125|0x000000043e800000, 0x000000043e800000, 0x000000043f000000|  0%| F|  |TAMS 0x000000043e800000, 0x000000043e800000| Untracked 
| 126|0x000000043f000000, 0x000000043f000000, 0x000000043f800000|  0%| F|  |TAMS 0x000000043f000000, 0x000000043f000000| Untracked 
| 127|0x000000043f800000, 0x000000043ffaf140, 0x0000000440000000| 96%| E|  |TAMS 0x000000043f800000, 0x000000043f800000| Complete 
|2046|0x00000007ff000000, 0x00000007ff778000, 0x00000007ff800000| 93%|OA|  |TAMS 0x00000007ff000000, 0x00000007ff000000| Untracked 
|2047|0x00000007ff800000, 0x00000007ff880000, 0x0000000800000000|  6%|CA|  |TAMS 0x00000007ff800000, 0x00000007ff800000| Untracked 

Card table byte_map: [0x0000000124b3c000,0x0000000126b3c000] _byte_map_base: 0x0000000122b3c000

Marking Bits (Prev, Next): (CMBitMap*) 0x000000013d82c810, (CMBitMap*) 0x000000013d82c850
 Prev Bits: [0x0000000128b3c000, 0x0000000138b3c000)
 Next Bits: [0x0000000148000000, 0x0000000158000000)

Polling page: 0x0000000104f34000

Metaspace:

Usage:
  Non-class:      2.20 MB used.
      Class:    322.56 KB used.
       Both:      2.52 MB used.

Virtual space:
  Non-class space:        8.00 MB reserved,       2.31 MB ( 29%) committed,  1 nodes.
      Class space:        1.00 GB reserved,     384.00 KB ( <1%) committed,  1 nodes.
             Both:        1.01 GB reserved,       2.69 MB ( <1%) committed. 

Chunk freelists:
   Non-Class:  3.34 MB
       Class:  3.60 MB
        Both:  6.94 MB

MaxMetaspaceSize: unlimited
CompressedClassSpaceSize: 1.00 GB
Initial GC threshold: 21.00 MB
Current GC threshold: 21.00 MB
CDS: on
MetaspaceReclaimPolicy: balanced
 - commit_granule_bytes: 65536.
 - commit_granule_words: 8192.
 - virtual_space_node_default_size: 1048576.
 - enlarge_chunks_in_place: 1.
 - new_chunks_are_fully_committed: 0.
 - uncommit_free_chunks: 1.
 - use_allocation_guard: 0.
 - handle_deallocations: 1.


Internal statistics:

num_allocs_failed_limit: 0.
num_arena_births: 22.
num_arena_deaths: 0.
num_vsnodes_births: 2.
num_vsnodes_deaths: 0.
num_space_committed: 43.
num_space_uncommitted: 0.
num_chunks_returned_to_freelist: 0.
num_chunks_taken_from_freelist: 72.
num_chunk_merges: 0.
num_chunk_splits: 42.
num_chunks_enlarged: 30.
num_purges: 0.
num_inconsistent_stats: 0.

CodeHeap 'non-profiled nmethods': size=120032Kb used=126Kb max_used=126Kb free=119906Kb
 bounds [0x000000011b604000, 0x000000011b874000, 0x0000000122b3c000]
CodeHeap 'profiled nmethods': size=120016Kb used=784Kb max_used=784Kb free=119231Kb
 bounds [0x00000001140d0000, 0x0000000114340000, 0x000000011b604000]
CodeHeap 'non-nmethods': size=5712Kb used=1117Kb max_used=1140Kb free=4594Kb
 bounds [0x0000000113b3c000, 0x0000000113dac000, 0x00000001140d0000]
 total_blobs=875 nmethods=463 adapters=329
 compilation: enabled
              stopped_count=0, restarted_count=0
 full_count=0

Compilation events (20 events):
Event: 0.108 Thread 0x000000013c020600  457       3       java.util.zip.ZipCoder$UTF8ZipCoder::toString (12 bytes)
Event: 0.108 Thread 0x000000013c020600 nmethod 457 0x000000011418a110 code [0x000000011418a2c0, 0x000000011418a4d8]
Event: 0.108 Thread 0x000000013c020600  458       3       java.util.zip.ZipUtils::LOCSIG (6 bytes)
Event: 0.108 Thread 0x000000013c020600 nmethod 458 0x000000011418a610 code [0x000000011418a7c0, 0x000000011418aaa8]
Event: 0.108 Thread 0x000000013c020600  459       3       java.nio.Buffer::hasRemaining (17 bytes)
Event: 0.108 Thread 0x000000013c020600 nmethod 459 0x000000011418ac10 code [0x000000011418adc0, 0x000000011418af68]
Event: 0.108 Thread 0x000000013c020600  460       3       java.lang.ref.Reference::refersTo (6 bytes)
Event: 0.109 Thread 0x000000013c020600 nmethod 460 0x000000011418b010 code [0x000000011418b1c0, 0x000000011418b3d8]
Event: 0.109 Thread 0x000000013c020600  462       3       java.lang.String::newStringUTF8NoRepl (276 bytes)
Event: 0.109 Thread 0x000000013c020600 nmethod 462 0x000000011418b490 code [0x000000011418b800, 0x000000011418ca08]
Event: 0.109 Thread 0x000000013c020600  463   !   3       java.net.URL::<init> (543 bytes)
Event: 0.109 Thread 0x000000013c020000  466       4       java.util.zip.ZipUtils::CENHOW (9 bytes)
Event: 0.110 Thread 0x000000013c020000 nmethod 466 0x000000011b623490 code [0x000000011b623640, 0x000000011b623750]
Event: 0.111 Thread 0x000000013c020600 nmethod 463 0x000000011418d010 code [0x000000011418d940, 0x0000000114191378]
Event: 0.111 Thread 0x000000013c020600  465       3       java.util.WeakHashMap::getTable (9 bytes)
Event: 0.111 Thread 0x000000013c020600 nmethod 465 0x0000000114193610 code [0x00000001141937c0, 0x0000000114193958]
Event: 0.111 Thread 0x000000013c020600  461       3       java.util.ArrayDeque::add (7 bytes)
Event: 0.111 Thread 0x000000013c020600 nmethod 461 0x0000000114193a10 code [0x0000000114193bc0, 0x0000000114193d58]
Event: 0.111 Thread 0x000000013c020600  464       3       java.net.URL::<init> (8 bytes)
Event: 0.111 Thread 0x000000013c020600 nmethod 464 0x0000000114193e10 code [0x0000000114193fc0, 0x0000000114194158]

GC Heap History (0 events):
No events

Dll operation events (11 events):
Event: 0.004 Loaded shared library /Library/Java/JavaVirtualMachines/zulu-17.jdk/Contents/Home/lib/libjava.dylib
Event: 0.024 Loaded shared library /Library/Java/JavaVirtualMachines/zulu-17.jdk/Contents/Home/lib/libnio.dylib
Event: 0.028 Loaded shared library /Library/Java/JavaVirtualMachines/zulu-17.jdk/Contents/Home/lib/libzip.dylib
Event: 0.043 Loaded shared library /Library/Java/JavaVirtualMachines/zulu-17.jdk/Contents/Home/lib/libverify.dylib
Event: 0.088 Loaded shared library /Library/Java/JavaVirtualMachines/zulu-17.jdk/Contents/Home/lib/libjimage.dylib
Event: 0.091 Loaded shared library /Library/Java/JavaVirtualMachines/zulu-17.jdk/Contents/Home/lib/libnet.dylib
Event: 0.110 Loading shared library /Library/Java/JavaVirtualMachines/zulu-17.jdk/Contents/Home/lib/libjavaupbruntime.dylib failed, dlopen(/Library/Java/JavaVirtualMachines/zulu-17.jdk/Contents/Home/lib/libjavaupbruntime.dylib, 0x0001): tried: '/Library/Java/JavaVirtu
Event: 0.110 Loading shared library /Library/Java/JavaVirtualMachines/zulu-17.jdk/Contents/Home/lib/libjavaupbruntime.jnilib failed, dlopen(/Library/Java/JavaVirtualMachines/zulu-17.jdk/Contents/Home/lib/libjavaupbruntime.jnilib, 0x0001): tried: '/Library/Java/JavaVir
Event: 0.111 Loaded shared library /private/var/tmp/_bazel_carmi/1919a156238b52a0883637a90d99e913/execroot/upb/bazel-out/darwin_arm64-fastbuild/bin/java/runtime/main/com/facebook/upb/runtime/jni/libjavaupbruntime.dylib
Event: 0.111 Loading shared library /Library/Java/JavaVirtualMachines/zulu-17.jdk/Contents/Home/lib/libjavaupbruntime.dylib failed, dlopen(/Library/Java/JavaVirtualMachines/zulu-17.jdk/Contents/Home/lib/libjavaupbruntime.dylib, 0x0001): tried: '/Library/Java/JavaVirtu
Event: 0.111 Loading shared library /Library/Java/JavaVirtualMachines/zulu-17.jdk/Contents/Home/lib/libjavaupbruntime.jnilib failed, dlopen(/Library/Java/JavaVirtualMachines/zulu-17.jdk/Contents/Home/lib/libjavaupbruntime.jnilib, 0x0001): tried: '/Library/Java/JavaVir

Deoptimization events (20 events):
Event: 0.049 Thread 0x000000013d809400 DEOPT PACKING pc=0x00000001140dc388 sp=0x000000016b1b1a00
Event: 0.049 Thread 0x000000013d809400 DEOPT UNPACKING pc=0x0000000113b7ab7c sp=0x000000016b1b1690 mode 0
Event: 0.056 Thread 0x000000013d809400 Uncommon trap: trap_request=0xffffff45 fr.pc=0x000000011b60f9e4 relative=0x00000000000001a4
Event: 0.056 Thread 0x000000013d809400 Uncommon trap: reason=unstable_if action=reinterpret pc=0x000000011b60f9e4 method=java.lang.StringLatin1.equals([B[B)Z @ 21 c2
Event: 0.056 Thread 0x000000013d809400 DEOPT PACKING pc=0x000000011b60f9e4 sp=0x000000016b1b0960
Event: 0.056 Thread 0x000000013d809400 DEOPT UNPACKING pc=0x0000000113b7ad1c sp=0x000000016b1b08f0 mode 2
Event: 0.062 Thread 0x000000013d809400 DEOPT PACKING pc=0x00000001140ee304 sp=0x000000016b1ae090
Event: 0.062 Thread 0x000000013d809400 DEOPT UNPACKING pc=0x0000000113b7ab7c sp=0x000000016b1adcc0 mode 0
Event: 0.068 Thread 0x000000013d809400 DEOPT PACKING pc=0x00000001140d9ee4 sp=0x000000016b1b07c0
Event: 0.068 Thread 0x000000013d809400 DEOPT UNPACKING pc=0x0000000113b7ab7c sp=0x000000016b1b0450 mode 0
Event: 0.087 Thread 0x000000013d809400 DEOPT PACKING pc=0x0000000114170234 sp=0x000000016b1b1ac0
Event: 0.087 Thread 0x000000013d809400 DEOPT UNPACKING pc=0x0000000113b7ab7c sp=0x000000016b1b1770 mode 3
Event: 0.095 Thread 0x000000013d809400 Uncommon trap: trap_request=0xffffff45 fr.pc=0x000000011b620f30 relative=0x0000000000000230
Event: 0.095 Thread 0x000000013d809400 Uncommon trap: reason=unstable_if action=reinterpret pc=0x000000011b620f30 method=java.io.BufferedReader.read()I @ 19 c2
Event: 0.095 Thread 0x000000013d809400 DEOPT PACKING pc=0x000000011b620f30 sp=0x000000016b1b1eb0
Event: 0.095 Thread 0x000000013d809400 DEOPT UNPACKING pc=0x0000000113b7ad1c sp=0x000000016b1b1db0 mode 2
Event: 0.098 Thread 0x000000013d809400 Uncommon trap: trap_request=0xffffff45 fr.pc=0x000000011b6208cc relative=0x000000000000020c
Event: 0.098 Thread 0x000000013d809400 Uncommon trap: reason=unstable_if action=reinterpret pc=0x000000011b6208cc method=java.io.BufferedReader.read()I @ 19 c2
Event: 0.098 Thread 0x000000013d809400 DEOPT PACKING pc=0x000000011b6208cc sp=0x000000016b1b1db0
Event: 0.098 Thread 0x000000013d809400 DEOPT UNPACKING pc=0x0000000113b7ad1c sp=0x000000016b1b1d30 mode 2

Classes unloaded (0 events):
No events

Classes redefined (0 events):
No events

Internal exceptions (10 events):
Event: 0.069 Thread 0x000000013d809400 Exception <a 'java/lang/NoSuchMethodError'{0x000000043fcf9160}: 'java.lang.Object java.lang.invoke.DirectMethodHandle$Holder.invokeInterface(java.lang.Object, java.lang.Object)'> (0x000000043fcf9160) 
thrown [src/hotspot/share/interpreter/linkResolver.cpp, line 759]
Event: 0.070 Thread 0x000000013d809400 Exception <a 'java/lang/IncompatibleClassChangeError'{0x000000043fcfca38}: Found class java.lang.Object, but interface was expected> (0x000000043fcfca38) 
thrown [src/hotspot/share/interpreter/linkResolver.cpp, line 826]
Event: 0.075 Thread 0x000000013d809400 Exception <a 'java/lang/NoSuchMethodError'{0x000000043fd4f3b0}: 'java.lang.Object java.lang.invoke.DirectMethodHandle$Holder.newInvokeSpecial(java.lang.Object, java.lang.Object, java.lang.Object, java.lang.Object, java.lang.Object)'> (0x000000043fd4f3b0) 
thrown [src/hotspot/share/interpreter/linkResolver.cpp, line 759]
Event: 0.084 Thread 0x000000013d809400 Exception <a 'java/lang/NoSuchMethodError'{0x000000043fddd848}: 'int java.lang.invoke.DirectMethodHandle$Holder.invokeStaticInit(java.lang.Object, java.lang.Object, java.lang.Object, java.lang.Object)'> (0x000000043fddd848) 
thrown [src/hotspot/share/interpreter/linkResolver.cpp, line 759]
Event: 0.084 Thread 0x000000013d809400 Exception <a 'java/lang/IncompatibleClassChangeError'{0x000000043fde6bb8}: Found class java.lang.Object, but interface was expected> (0x000000043fde6bb8) 
thrown [src/hotspot/share/interpreter/linkResolver.cpp, line 826]
Event: 0.084 Thread 0x000000013d809400 Exception <a 'java/lang/NoSuchMethodError'{0x000000043fde9ae8}: 'void java.lang.invoke.DirectMethodHandle$Holder.invokeStatic(java.lang.Object, java.lang.Object)'> (0x000000043fde9ae8) 
thrown [src/hotspot/share/interpreter/linkResolver.cpp, line 759]
Event: 0.085 Thread 0x000000013d809400 Exception <a 'java/lang/NoSuchMethodError'{0x000000043fded158}: 'void java.lang.invoke.DirectMethodHandle$Holder.invokeStaticInit(java.lang.Object, java.lang.Object)'> (0x000000043fded158) 
thrown [src/hotspot/share/interpreter/linkResolver.cpp, line 759]
Event: 0.085 Thread 0x000000013d809400 Exception <a 'java/lang/NoSuchMethodError'{0x000000043fdf3278}: 'int java.lang.invoke.DirectMethodHandle$Holder.invokeStaticInit(java.lang.Object, java.lang.Object)'> (0x000000043fdf3278) 
thrown [src/hotspot/share/interpreter/linkResolver.cpp, line 759]
Event: 0.097 Thread 0x000000013d809400 Exception <a 'java/lang/ClassNotFoundException'{0x000000043fe3fc18}: javax/smartcardio/CardPermission> (0x000000043fe3fc18) 
thrown [src/hotspot/share/classfile/systemDictionary.cpp, line 259]
Event: 0.099 Thread 0x000000013d809400 Exception <a 'java/io/FileNotFoundException'{0x000000043fe4de48}> (0x000000043fe4de48) 
thrown [src/hotspot/share/prims/jni.cpp, line 516]

VM Operations (2 events):
Event: 0.101 Executing VM operation: HandshakeAllThreads
Event: 0.101 Executing VM operation: HandshakeAllThreads done

Events (20 events):
Event: 0.103 loading class java/io/ObjectOutput done
Event: 0.103 loading class java/io/ObjectStreamConstants
Event: 0.103 loading class java/io/ObjectStreamConstants done
Event: 0.103 loading class java/io/ObjectOutputStream done
Event: 0.103 loading class java/io/ObjectInputStream
Event: 0.103 loading class java/io/ObjectInput
Event: 0.103 loading class java/io/ObjectInput done
Event: 0.103 loading class java/io/ObjectInputStream done
Event: 0.104 loading class java/io/ClassCache$CacheRef
Event: 0.104 loading class java/io/ClassCache$CacheRef done
Event: 0.104 loading class java/io/ObjectStreamClass$FieldReflectorKey
Event: 0.104 loading class java/io/ObjectStreamClass$FieldReflectorKey done
Event: 0.104 loading class java/io/ObjectStreamClass$FieldReflector
Event: 0.104 loading class java/io/ObjectStreamClass$FieldReflector done
Event: 0.105 loading class sun/misc/Signal
Event: 0.105 loading class sun/misc/Signal done
Event: 0.105 loading class sun/misc/Signal$InternalMiscHandler
Event: 0.105 loading class sun/misc/Signal$InternalMiscHandler done
Event: 0.106 loading class sun/misc/Signal$SunMiscHandler
Event: 0.106 loading class sun/misc/Signal$SunMiscHandler done


Dynamic libraries:
0x0000000104f90000 	/Library/Java/JavaVirtualMachines/zulu-17.jdk/Contents/Home/lib/libjli.dylib
0x0000000190406000 	/usr/lib/libz.1.dylib
0x00000001904c0000 	/usr/lib/libSystem.B.dylib
0x00000001904ba000 	/usr/lib/system/libcache.dylib
0x0000000190473000 	/usr/lib/system/libcommonCrypto.dylib
0x00000001904a1000 	/usr/lib/system/libcompiler_rt.dylib
0x0000000190497000 	/usr/lib/system/libcopyfile.dylib
0x0000000184bc8000 	/usr/lib/system/libcorecrypto.dylib
0x0000000184c7e000 	/usr/lib/system/libdispatch.dylib
0x0000000184e10000 	/usr/lib/system/libdyld.dylib
0x00000001904b0000 	/usr/lib/system/libkeymgr.dylib
0x0000000190451000 	/usr/lib/system/libmacho.dylib
0x000000018fb0f000 	/usr/lib/system/libquarantine.dylib
0x00000001904ad000 	/usr/lib/system/libremovefile.dylib
0x0000000189ad8000 	/usr/lib/system/libsystem_asl.dylib
0x0000000184b65000 	/usr/lib/system/libsystem_blocks.dylib
0x0000000184cc9000 	/usr/lib/system/libsystem_c.dylib
0x00000001904a5000 	/usr/lib/system/libsystem_collections.dylib
0x000000018f02f000 	/usr/lib/system/libsystem_configuration.dylib
0x000000018e09e000 	/usr/lib/system/libsystem_containermanager.dylib
0x0000000190150000 	/usr/lib/system/libsystem_coreservices.dylib
0x0000000187c69000 	/usr/lib/system/libsystem_darwin.dylib
0x00000001904b1000 	/usr/lib/system/libsystem_dnssd.dylib
0x0000000184cc6000 	/usr/lib/system/libsystem_featureflags.dylib
0x0000000184e3c000 	/usr/lib/system/libsystem_info.dylib
0x0000000190418000 	/usr/lib/system/libsystem_m.dylib
0x0000000184c52000 	/usr/lib/system/libsystem_malloc.dylib
0x0000000189a58000 	/usr/lib/system/libsystem_networkextension.dylib
0x00000001880d3000 	/usr/lib/system/libsystem_notify.dylib
0x000000018f034000 	/usr/lib/system/libsystem_sandbox.dylib
0x00000001904aa000 	/usr/lib/system/libsystem_secinit.dylib
0x0000000184dc9000 	/usr/lib/system/libsystem_kernel.dylib
0x0000000184e34000 	/usr/lib/system/libsystem_platform.dylib
0x0000000184e03000 	/usr/lib/system/libsystem_pthread.dylib
0x000000018b2ad000 	/usr/lib/system/libsystem_symptoms.dylib
0x0000000184bae000 	/usr/lib/system/libsystem_trace.dylib
0x0000000190484000 	/usr/lib/system/libunwind.dylib
0x0000000184b6a000 	/usr/lib/system/libxpc.dylib
0x0000000184db1000 	/usr/lib/libc++abi.dylib
0x0000000184a94000 	/usr/lib/libobjc.A.dylib
0x000000019048f000 	/usr/lib/liboah.dylib
0x0000000184d4a000 	/usr/lib/libc++.1.dylib
0x000000019c310000 	/System/Library/Frameworks/Cocoa.framework/Versions/A/Cocoa
0x0000000188134000 	/System/Library/Frameworks/AppKit.framework/Versions/C/AppKit
0x000000018aadc000 	/System/Library/Frameworks/CoreData.framework/Versions/A/CoreData
0x0000000185d95000 	/System/Library/Frameworks/Foundation.framework/Versions/C/Foundation
0x0000000189040000 	/System/Library/PrivateFrameworks/UIFoundation.framework/Versions/A/UIFoundation
0x00000001f15c5000 	/System/Library/PrivateFrameworks/CollectionViewCore.framework/Versions/A/CollectionViewCore
0x000000019677c000 	/System/Library/PrivateFrameworks/RemoteViewServices.framework/Versions/A/RemoteViewServices
0x000000018e8e2000 	/System/Library/PrivateFrameworks/XCTTargetBootstrap.framework/Versions/A/XCTTargetBootstrap
0x0000000192256000 	/System/Library/PrivateFrameworks/InternationalSupport.framework/Versions/A/InternationalSupport
0x00000001922dd000 	/System/Library/PrivateFrameworks/UserActivity.framework/Versions/A/UserActivity
0x00000002087de000 	/System/Library/PrivateFrameworks/WindowManagement.framework/Versions/A/WindowManagement
0x0000000185a5e000 	/System/Library/Frameworks/SystemConfiguration.framework/Versions/A/SystemConfiguration
0x000000019175a000 	/usr/lib/libspindump.dylib
0x00000001891e6000 	/System/Library/Frameworks/UniformTypeIdentifiers.framework/Versions/A/UniformTypeIdentifiers
0x000000018cbf5000 	/usr/lib/libapp_launch_measurement.dylib
0x000000018c0a3000 	/System/Library/PrivateFrameworks/CoreAnalytics.framework/Versions/A/CoreAnalytics
0x000000018cbfc000 	/System/Library/PrivateFrameworks/CoreAutoLayout.framework/Versions/A/CoreAutoLayout
0x000000018e0f0000 	/System/Library/Frameworks/Metal.framework/Versions/A/Metal
0x000000018f041000 	/usr/lib/liblangid.dylib
0x000000018e8e8000 	/System/Library/PrivateFrameworks/CoreSVG.framework/Versions/A/CoreSVG
0x0000000189b0e000 	/System/Library/PrivateFrameworks/SkyLight.framework/Versions/A/SkyLight
0x0000000189f26000 	/System/Library/Frameworks/CoreGraphics.framework/Versions/A/CoreGraphics
0x0000000196e47000 	/System/Library/Frameworks/Accelerate.framework/Versions/A/Accelerate
0x00000001911c8000 	/System/Library/PrivateFrameworks/IconServices.framework/Versions/A/IconServices
0x000000018e0d0000 	/System/Library/Frameworks/IOSurface.framework/Versions/A/IOSurface
0x000000018c0d1000 	/usr/lib/libDiagnosticMessagesClient.dylib
0x000000019a0e3000 	/System/Library/Frameworks/ApplicationServices.framework/Versions/A/ApplicationServices
0x000000018e8ca000 	/System/Library/PrivateFrameworks/DFRFoundation.framework/Versions/A/DFRFoundation
0x00000001879b2000 	/usr/lib/libicucore.A.dylib
0x00000001931e7000 	/System/Library/Frameworks/AudioToolbox.framework/Versions/A/AudioToolbox
0x0000000192261000 	/System/Library/PrivateFrameworks/DataDetectorsCore.framework/Versions/A/DataDetectorsCore
0x00000001a93ef000 	/System/Library/PrivateFrameworks/TextInput.framework/Versions/A/TextInput
0x0000000189a73000 	/usr/lib/libMobileGestalt.dylib
0x000000018e596000 	/System/Library/Frameworks/Carbon.framework/Versions/A/Frameworks/HIToolbox.framework/Versions/A/HIToolbox
0x000000018c57c000 	/System/Library/Frameworks/QuartzCore.framework/Versions/A/QuartzCore
0x000000018760d000 	/System/Library/Frameworks/Security.framework/Versions/A/Security
0x00000001967bc000 	/System/Library/Frameworks/Carbon.framework/Versions/A/Frameworks/SpeechRecognition.framework/Versions/A/SpeechRecognition
0x000000018c934000 	/System/Library/PrivateFrameworks/CoreUI.framework/Versions/A/CoreUI
0x0000000186f05000 	/System/Library/Frameworks/CoreAudio.framework/Versions/A/CoreAudio
0x000000018c1ad000 	/System/Library/Frameworks/DiskArbitration.framework/Versions/A/DiskArbitration
0x0000000191b8e000 	/System/Library/PrivateFrameworks/MultitouchSupport.framework/Versions/A/MultitouchSupport
0x0000000189a71000 	/usr/lib/libenergytrace.dylib
0x0000000187ff7000 	/System/Library/Frameworks/IOKit.framework/Versions/A/IOKit
0x0000000196ba3000 	/System/Library/Frameworks/CoreServices.framework/Versions/A/CoreServices
0x000000018cb82000 	/System/Library/PrivateFrameworks/PerformanceAnalysis.framework/Versions/A/PerformanceAnalysis
0x00000001d434f000 	/System/Library/Frameworks/OpenGL.framework/Versions/A/OpenGL
0x000000018cc46000 	/usr/lib/libxml2.2.dylib
0x000000018fa15000 	/System/Library/PrivateFrameworks/MobileKeyBag.framework/Versions/A/MobileKeyBag
0x000000018a571000 	/System/Library/Frameworks/ColorSync.framework/Versions/A/ColorSync
0x0000000184e68000 	/System/Library/Frameworks/CoreFoundation.framework/Versions/A/CoreFoundation
0x000000018ec62000 	/System/Library/Frameworks/CoreImage.framework/Versions/A/CoreImage
0x0000000186d26000 	/System/Library/Frameworks/CoreText.framework/Versions/A/CoreText
0x000000018e921000 	/System/Library/Frameworks/ImageIO.framework/Versions/A/ImageIO
0x00000001904c6000 	/System/Library/PrivateFrameworks/SoftLinking.framework/Versions/A/SoftLinking
0x000000019075a000 	/usr/lib/libcompression.dylib
0x00000001921b2000 	/System/Library/PrivateFrameworks/TextureIO.framework/Versions/A/TextureIO
0x0000000190e9a000 	/usr/lib/libate.dylib
0x0000000190d57000 	/usr/lib/liblzma.5.dylib
0x00000001904c2000 	/usr/lib/libfakelink.dylib
0x0000000189696000 	/System/Library/Frameworks/CFNetwork.framework/Versions/A/CFNetwork
0x0000000190601000 	/usr/lib/libarchive.2.dylib
0x0000000194af6000 	/System/Library/Frameworks/Combine.framework/Versions/A/Combine
0x0000000192bb1000 	/usr/lib/swift/libswiftCore.dylib
0x00000001a64c4000 	/usr/lib/swift/libswiftCoreFoundation.dylib
0x00000001a4381000 	/usr/lib/swift/libswiftDarwin.dylib
0x00000001980bc000 	/usr/lib/swift/libswiftDispatch.dylib
0x00000001a64e5000 	/usr/lib/swift/libswiftIOKit.dylib
0x000000019a50e000 	/usr/lib/swift/libswiftObjectiveC.dylib
0x00000001a64d8000 	/usr/lib/swift/libswiftXPC.dylib
0x000000020f016000 	/usr/lib/swift/libswift_Concurrency.dylib
0x000000020f168000 	/usr/lib/swift/libswift_StringProcessing.dylib
0x000000019a512000 	/usr/lib/swift/libswiftos.dylib
0x0000000187f7c000 	/System/Library/PrivateFrameworks/CoreServicesInternal.framework/Versions/A/CoreServicesInternal
0x000000018fb3a000 	/usr/lib/libbsm.0.dylib
0x0000000190457000 	/usr/lib/system/libkxld.dylib
0x000000018cbbe000 	/System/Library/Frameworks/CoreServices.framework/Versions/A/Frameworks/FSEvents.framework/Versions/A/FSEvents
0x0000000187c74000 	/System/Library/Frameworks/CoreServices.framework/Versions/A/Frameworks/CarbonCore.framework/Versions/A/CarbonCore
0x000000018c114000 	/System/Library/Frameworks/CoreServices.framework/Versions/A/Frameworks/Metadata.framework/Versions/A/Metadata
0x0000000190156000 	/System/Library/Frameworks/CoreServices.framework/Versions/A/Frameworks/OSServices.framework/Versions/A/OSServices
0x0000000190688000 	/System/Library/Frameworks/CoreServices.framework/Versions/A/Frameworks/SearchKit.framework/Versions/A/SearchKit
0x000000018b230000 	/System/Library/Frameworks/CoreServices.framework/Versions/A/Frameworks/AE.framework/Versions/A/AE
0x0000000185340000 	/System/Library/Frameworks/CoreServices.framework/Versions/A/Frameworks/LaunchServices.framework/Versions/A/LaunchServices
0x0000000190d00000 	/System/Library/Frameworks/CoreServices.framework/Versions/A/Frameworks/DictionaryServices.framework/Versions/A/DictionaryServices
0x000000018cbcb000 	/System/Library/Frameworks/CoreServices.framework/Versions/A/Frameworks/SharedFileList.framework/Versions/A/SharedFileList
0x0000000190727000 	/usr/lib/libapple_nghttp2.dylib
0x0000000189692000 	/usr/lib/libnetwork.dylib
0x000000018aeb4000 	/usr/lib/libsqlite3.dylib
0x000000018b2b6000 	/System/Library/Frameworks/Network.framework/Versions/A/Network
0x000000020e163000 	/usr/lib/libCoreEntitlements.dylib
0x00000001fabd0000 	/System/Library/PrivateFrameworks/MessageSecurity.framework/Versions/A/MessageSecurity
0x000000018ae9a000 	/System/Library/PrivateFrameworks/ProtocolBuffer.framework/Versions/A/ProtocolBuffer
0x0000000190132000 	/System/Library/PrivateFrameworks/AppleFSCompression.framework/Versions/A/AppleFSCompression
0x000000018fb22000 	/usr/lib/libcoretls.dylib
0x0000000190d70000 	/usr/lib/libcoretls_cfhelpers.dylib
0x0000000190754000 	/usr/lib/libpam.2.dylib
0x0000000190dd8000 	/usr/lib/libxar.1.dylib
0x00000001911a3000 	/usr/lib/libheimdal-asn1.dylib
0x00000001904c7000 	/usr/lib/libpcap.A.dylib
0x000000018b2a3000 	/usr/lib/libdns_services.dylib
0x000000018f03c000 	/System/Library/PrivateFrameworks/AppleSystemInfo.framework/Versions/A/AppleSystemInfo
0x000000018f816000 	/System/Library/PrivateFrameworks/IOMobileFramebuffer.framework/Versions/A/IOMobileFramebuffer
0x0000000190143000 	/usr/lib/libbz2.1.0.dylib
0x000000018fb12000 	/usr/lib/libCheckFix.dylib
0x0000000189af0000 	/System/Library/PrivateFrameworks/TCC.framework/Versions/A/TCC
0x000000018f043000 	/System/Library/PrivateFrameworks/CoreNLP.framework/Versions/A/CoreNLP
0x000000018c0d3000 	/System/Library/PrivateFrameworks/MetadataUtilities.framework/Versions/A/MetadataUtilities
0x000000018fb4b000 	/usr/lib/libmecab.dylib
0x0000000185ae8000 	/usr/lib/libCRFSuite.dylib
0x000000018fba8000 	/usr/lib/libgermantok.dylib
0x0000000190700000 	/usr/lib/libThaiTokenizer.dylib
0x000000018c1b6000 	/System/Library/Frameworks/Accelerate.framework/Versions/A/Frameworks/vImage.framework/Versions/A/vImage
0x0000000196b7a000 	/System/Library/Frameworks/Accelerate.framework/Versions/A/Frameworks/vecLib.framework/Versions/A/vecLib
0x0000000190e1e000 	/System/Library/Frameworks/Accelerate.framework/Versions/A/Frameworks/vecLib.framework/Versions/A/libvMisc.dylib
0x000000018f716000 	/System/Library/Frameworks/Accelerate.framework/Versions/A/Frameworks/vecLib.framework/Versions/A/libvDSP.dylib
0x00000001856f4000 	/System/Library/Frameworks/Accelerate.framework/Versions/A/Frameworks/vecLib.framework/Versions/A/libBLAS.dylib
0x000000019082c000 	/System/Library/Frameworks/Accelerate.framework/Versions/A/Frameworks/vecLib.framework/Versions/A/libLAPACK.dylib
0x000000018fbab000 	/System/Library/Frameworks/Accelerate.framework/Versions/A/Frameworks/vecLib.framework/Versions/A/libLinearAlgebra.dylib
0x000000019073f000 	/System/Library/Frameworks/Accelerate.framework/Versions/A/Frameworks/vecLib.framework/Versions/A/libSparseBLAS.dylib
0x0000000190827000 	/System/Library/Frameworks/Accelerate.framework/Versions/A/Frameworks/vecLib.framework/Versions/A/libQuadrature.dylib
0x000000018f13c000 	/System/Library/Frameworks/Accelerate.framework/Versions/A/Frameworks/vecLib.framework/Versions/A/libBNNS.dylib
0x00000001859f7000 	/System/Library/Frameworks/Accelerate.framework/Versions/A/Frameworks/vecLib.framework/Versions/A/libSparse.dylib
0x00000001f9f06000 	/System/Library/PrivateFrameworks/MIL.framework/Versions/A/MIL
0x00000001904fc000 	/usr/lib/libiconv.2.dylib
0x0000000190450000 	/usr/lib/libcharset.1.dylib
0x000000018cb9e000 	/System/Library/Frameworks/OpenDirectory.framework/Versions/A/Frameworks/CFOpenDirectory.framework/Versions/A/CFOpenDirectory
0x000000018cb8e000 	/System/Library/Frameworks/OpenDirectory.framework/Versions/A/OpenDirectory
0x0000000190d72000 	/System/Library/PrivateFrameworks/APFS.framework/Versions/A/APFS
0x000000018fa4c000 	/System/Library/Frameworks/SecurityFoundation.framework/Versions/A/SecurityFoundation
0x0000000190de7000 	/usr/lib/libutil.dylib
0x00000001f8f7b000 	/System/Library/PrivateFrameworks/InstalledContentLibrary.framework/Versions/A/InstalledContentLibrary
0x0000000187fba000 	/System/Library/PrivateFrameworks/CoreServicesStore.framework/Versions/A/CoreServicesStore
0x00000001eff76000 	/System/Library/PrivateFrameworks/AppleMobileFileIntegrity.framework/Versions/A/AppleMobileFileIntegrity
0x00000001a64a3000 	/usr/lib/libmis.dylib
0x00000001b4404000 	/System/Library/PrivateFrameworks/MobileSystemServices.framework/Versions/A/MobileSystemServices
0x00000001cec41000 	/System/Library/PrivateFrameworks/ConfigProfileHelper.framework/Versions/A/ConfigProfileHelper
0x0000000190702000 	/System/Library/PrivateFrameworks/AppleSauce.framework/Versions/A/AppleSauce
0x00000001867cf000 	/System/Library/PrivateFrameworks/LanguageModeling.framework/Versions/A/LanguageModeling
0x0000000190deb000 	/usr/lib/libxslt.1.dylib
0x00000001905ef000 	/usr/lib/libcmph.dylib
0x000000018f803000 	/System/Library/PrivateFrameworks/CoreEmoji.framework/Versions/A/CoreEmoji
0x000000018f136000 	/System/Library/PrivateFrameworks/LinguisticData.framework/Versions/A/LinguisticData
0x00000001859af000 	/System/Library/PrivateFrameworks/Lexicon.framework/Versions/A/Lexicon
0x000000018fadf000 	/System/Library/PrivateFrameworks/BackgroundTaskManagement.framework/Versions/A/BackgroundTaskManagement
0x000000020e306000 	/usr/lib/libTLE.dylib
0x000000020f0b3000 	/usr/lib/swift/libswift_RegexParser.dylib
0x0000000191a53000 	/System/Library/PrivateFrameworks/AppleJPEG.framework/Versions/A/AppleJPEG
0x0000000191188000 	/usr/lib/libexpat.1.dylib
0x0000000192014000 	/System/Library/Frameworks/ImageIO.framework/Versions/A/Resources/libPng.dylib
0x000000019203f000 	/System/Library/Frameworks/ImageIO.framework/Versions/A/Resources/libTIFF.dylib
0x0000000192128000 	/System/Library/Frameworks/ImageIO.framework/Versions/A/Resources/libGIF.dylib
0x0000000191a98000 	/System/Library/Frameworks/ImageIO.framework/Versions/A/Resources/libJP2.dylib
0x00000001920cc000 	/System/Library/Frameworks/ImageIO.framework/Versions/A/Resources/libJPEG.dylib
0x00000001920c3000 	/System/Library/Frameworks/ImageIO.framework/Versions/A/Resources/libRadiance.dylib
0x000000018e41f000 	/System/Library/PrivateFrameworks/FontServices.framework/libFontParser.dylib
0x000000018b1d2000 	/System/Library/PrivateFrameworks/RunningBoardServices.framework/Versions/A/RunningBoardServices
0x000000019ca42000 	/System/Library/PrivateFrameworks/IOSurfaceAccelerator.framework/Versions/A/IOSurfaceAccelerator
0x0000000191b8a000 	/System/Library/PrivateFrameworks/WatchdogClient.framework/Versions/A/WatchdogClient
0x0000000186948000 	/System/Library/Frameworks/CoreDisplay.framework/Versions/A/CoreDisplay
0x000000018e2f9000 	/System/Library/Frameworks/CoreMedia.framework/Versions/A/CoreMedia
0x000000018e0e6000 	/System/Library/PrivateFrameworks/IOAccelerator.framework/Versions/A/IOAccelerator
0x000000018cd2f000 	/System/Library/Frameworks/CoreVideo.framework/Versions/A/CoreVideo
0x0000000190752000 	/System/Library/Frameworks/MetalPerformanceShaders.framework/Versions/A/MetalPerformanceShaders
0x0000000191bc9000 	/System/Library/Frameworks/VideoToolbox.framework/Versions/A/VideoToolbox
0x000000018b115000 	/System/Library/PrivateFrameworks/BaseBoard.framework/Versions/A/BaseBoard
0x00000001920be000 	/System/Library/PrivateFrameworks/GPUWrangler.framework/Versions/A/GPUWrangler
0x000000019209e000 	/System/Library/PrivateFrameworks/IOPresentment.framework/Versions/A/IOPresentment
0x00000001920c6000 	/System/Library/PrivateFrameworks/DSExternalDisplay.framework/Versions/A/DSExternalDisplay
0x00000001f5724000 	/System/Library/PrivateFrameworks/GPUCompiler.framework/Versions/31001/Libraries/libllvm-flatbuffers.dylib
0x00000001d4342000 	/System/Library/Frameworks/OpenGL.framework/Versions/A/Libraries/libCoreFSCache.dylib
0x00000001f5720000 	/System/Library/PrivateFrameworks/GPUCompiler.framework/Versions/31001/Libraries/libGPUCompilerUtils.dylib
0x000000019212e000 	/System/Library/PrivateFrameworks/CMCaptureCore.framework/Versions/A/CMCaptureCore
0x00000001ea07f000 	/System/Library/Frameworks/ExtensionFoundation.framework/Versions/A/ExtensionFoundation
0x0000000198863000 	/System/Library/PrivateFrameworks/CoreTime.framework/Versions/A/CoreTime
0x0000000191745000 	/System/Library/PrivateFrameworks/AppServerSupport.framework/Versions/A/AppServerSupport
0x0000000193ac9000 	/System/Library/PrivateFrameworks/perfdata.framework/Versions/A/perfdata
0x0000000186a68000 	/System/Library/PrivateFrameworks/AudioToolboxCore.framework/Versions/A/AudioToolboxCore
0x000000018e2cf000 	/System/Library/PrivateFrameworks/caulk.framework/Versions/A/caulk
0x0000000193386000 	/usr/lib/libAudioStatistics.dylib
0x00000001a58c9000 	/System/Library/PrivateFrameworks/SystemPolicy.framework/Versions/A/SystemPolicy
0x0000000193628000 	/usr/lib/libSMC.dylib
0x000000019c1e5000 	/System/Library/Frameworks/CoreMIDI.framework/Versions/A/CoreMIDI
0x0000000191fe1000 	/usr/lib/libAudioToolboxUtility.dylib
0x00000001a163c000 	/System/Library/PrivateFrameworks/OSAServicesClient.framework/Versions/A/OSAServicesClient
0x0000000193ad6000 	/usr/lib/libperfcheck.dylib
0x0000000191073000 	/System/Library/PrivateFrameworks/PlugInKit.framework/Versions/A/PlugInKit
0x000000018fa3e000 	/System/Library/PrivateFrameworks/AssertionServices.framework/Versions/A/AssertionServices
0x00000001d43a4000 	/System/Library/Frameworks/OpenGL.framework/Versions/A/Libraries/libGLU.dylib
0x00000001d4363000 	/System/Library/Frameworks/OpenGL.framework/Versions/A/Libraries/libGFXShared.dylib
0x00000001d454a000 	/System/Library/Frameworks/OpenGL.framework/Versions/A/Libraries/libGL.dylib
0x00000001d436c000 	/System/Library/Frameworks/OpenGL.framework/Versions/A/Libraries/libGLImage.dylib
0x00000001d4360000 	/System/Library/Frameworks/OpenGL.framework/Versions/A/Libraries/libCVMSPluginSupport.dylib
0x000000020e2e5000 	/usr/lib/libRosetta.dylib
0x00000001d4349000 	/System/Library/Frameworks/OpenGL.framework/Versions/A/Libraries/libCoreVMClient.dylib
0x000000018efb4000 	/System/Library/Frameworks/MetalPerformanceShaders.framework/Versions/A/Frameworks/MPSCore.framework/Versions/A/MPSCore
0x00000001900a8000 	/System/Library/Frameworks/MetalPerformanceShaders.framework/Versions/A/Frameworks/MPSImage.framework/Versions/A/MPSImage
0x000000018fbc0000 	/System/Library/Frameworks/MetalPerformanceShaders.framework/Versions/A/Frameworks/MPSNeuralNetwork.framework/Versions/A/MPSNeuralNetwork
0x000000018ffac000 	/System/Library/Frameworks/MetalPerformanceShaders.framework/Versions/A/Frameworks/MPSMatrix.framework/Versions/A/MPSMatrix
0x000000018fdbe000 	/System/Library/Frameworks/MetalPerformanceShaders.framework/Versions/A/Frameworks/MPSRayIntersector.framework/Versions/A/MPSRayIntersector
0x000000018ffdb000 	/System/Library/Frameworks/MetalPerformanceShaders.framework/Versions/A/Frameworks/MPSNDArray.framework/Versions/A/MPSNDArray
0x00000001eb44d000 	/System/Library/Frameworks/MetalPerformanceShaders.framework/Versions/A/Frameworks/MPSFunctions.framework/Versions/A/MPSFunctions
0x00000001855ba000 	/System/Library/PrivateFrameworks/MetalTools.framework/Versions/A/MetalTools
0x000000018f03a000 	/System/Library/PrivateFrameworks/AggregateDictionary.framework/Versions/A/AggregateDictionary
0x0000000190f2c000 	/usr/lib/libIOReport.dylib
0x000000019b3d2000 	/System/Library/PrivateFrameworks/ASEProcessing.framework/Versions/A/ASEProcessing
0x00000001912e3000 	/System/Library/PrivateFrameworks/GraphVisualizer.framework/Versions/A/GraphVisualizer
0x00000001f5641000 	/System/Library/PrivateFrameworks/FontServices.framework/Versions/A/FontServices
0x0000000191703000 	/System/Library/PrivateFrameworks/OTSVG.framework/Versions/A/OTSVG
0x000000018c8e2000 	/System/Library/Frameworks/ApplicationServices.framework/Versions/A/Frameworks/ATS.framework/Versions/A/Resources/libFontRegistry.dylib
0x000000019174f000 	/System/Library/PrivateFrameworks/FontServices.framework/libhvf.dylib
0x00000001f5642000 	/System/Library/PrivateFrameworks/FontServices.framework/libXTFontStaticRegistryData.dylib
0x00000002074de000 	/System/Library/PrivateFrameworks/VideoToolboxParavirtualizationSupport.framework/Versions/A/VideoToolboxParavirtualizationSupport
0x000000019113c000 	/System/Library/PrivateFrameworks/AppleVA.framework/Versions/A/AppleVA
0x00000001933c6000 	/System/Library/Frameworks/ApplicationServices.framework/Versions/A/Frameworks/ATS.framework/Versions/A/ATS
0x000000018a664000 	/System/Library/Frameworks/ApplicationServices.framework/Versions/A/Frameworks/HIServices.framework/Versions/A/HIServices
0x000000019213a000 	/System/Library/Frameworks/ApplicationServices.framework/Versions/A/Frameworks/PrintCore.framework/Versions/A/PrintCore
0x0000000193781000 	/System/Library/Frameworks/ApplicationServices.framework/Versions/A/Frameworks/QD.framework/Versions/A/QD
0x0000000193775000 	/System/Library/Frameworks/ApplicationServices.framework/Versions/A/Frameworks/ColorSyncLegacy.framework/Versions/A/ColorSyncLegacy
0x000000019339a000 	/System/Library/Frameworks/ApplicationServices.framework/Versions/A/Frameworks/SpeechSynthesis.framework/Versions/A/SpeechSynthesis
0x00000001920f8000 	/System/Library/Frameworks/ApplicationServices.framework/Versions/A/Frameworks/ATSUI.framework/Versions/A/ATSUI
0x0000000193708000 	/usr/lib/libcups.2.dylib
0x0000000193ae4000 	/System/Library/Frameworks/Kerberos.framework/Versions/A/Kerberos
0x0000000193af5000 	/System/Library/Frameworks/GSS.framework/Versions/A/GSS
0x0000000193438000 	/usr/lib/libresolv.9.dylib
0x000000019175f000 	/System/Library/PrivateFrameworks/Heimdal.framework/Versions/A/Heimdal
0x000000019a490000 	/System/Library/Frameworks/Kerberos.framework/Versions/A/Libraries/libHeimdalProxy.dylib
0x0000000193b45000 	/System/Library/PrivateFrameworks/CommonAuth.framework/Versions/A/CommonAuth
0x00000001e92b9000 	/System/Library/Frameworks/AVFAudio.framework/Versions/A/AVFAudio
0x00000001a168b000 	/System/Library/PrivateFrameworks/AXCoreUtilities.framework/Versions/A/AXCoreUtilities
0x0000000193312000 	/System/Library/PrivateFrameworks/AudioSession.framework/Versions/A/AudioSession
0x00000001948ad000 	/System/Library/Frameworks/IOBluetooth.framework/Versions/A/IOBluetooth
0x000000019123d000 	/System/Library/PrivateFrameworks/MediaExperience.framework/Versions/A/MediaExperience
0x00000001931ad000 	/System/Library/PrivateFrameworks/AudioSession.framework/libSessionUtility.dylib
0x000000019378d000 	/System/Library/PrivateFrameworks/AudioResourceArbitration.framework/Versions/A/AudioResourceArbitration
0x0000000197792000 	/System/Library/PrivateFrameworks/PowerLog.framework/Versions/A/PowerLog
0x00000001976d4000 	/System/Library/Frameworks/CoreBluetooth.framework/Versions/A/CoreBluetooth
0x000000019a491000 	/System/Library/Frameworks/AudioUnit.framework/Versions/A/AudioUnit
0x000000018f8a1000 	/System/Library/PrivateFrameworks/CoreUtils.framework/Versions/A/CoreUtils
0x00000001f4042000 	/System/Library/PrivateFrameworks/CoreUtilsExtras.framework/Versions/A/CoreUtilsExtras
0x00000001f8e15000 	/System/Library/PrivateFrameworks/IO80211.framework/Versions/A/IO80211
0x00000001911ad000 	/System/Library/PrivateFrameworks/IconFoundation.framework/Versions/A/IconFoundation
0x00000001967a8000 	/System/Library/PrivateFrameworks/SpeechRecognitionCore.framework/Versions/A/SpeechRecognitionCore
0x000000010b010000 	/Library/Java/JavaVirtualMachines/zulu-17.jdk/Contents/Home/lib/server/libjvm.dylib
0x0000000104f48000 	/Library/Java/JavaVirtualMachines/zulu-17.jdk/Contents/Home/lib/libjimage.dylib
0x000000010a074000 	/Library/Java/JavaVirtualMachines/zulu-17.jdk/Contents/Home/lib/libjava.dylib
0x000000010a308000 	/Library/Java/JavaVirtualMachines/zulu-17.jdk/Contents/Home/lib/libnio.dylib
0x000000010a328000 	/Library/Java/JavaVirtualMachines/zulu-17.jdk/Contents/Home/lib/libnet.dylib
0x000000010a058000 	/Library/Java/JavaVirtualMachines/zulu-17.jdk/Contents/Home/lib/libzip.dylib
0x000000010a368000 	/Library/Java/JavaVirtualMachines/zulu-17.jdk/Contents/Home/lib/libverify.dylib
0x000000010a3b0000 	/private/var/tmp/_bazel_carmi/1919a156238b52a0883637a90d99e913/execroot/upb/bazel-out/darwin_arm64-fastbuild/bin/java/runtime/main/com/facebook/upb/runtime/jni/libjavaupbruntime.dylib


VM Arguments:
jvm_args: -Djava.library.path=bazel-bin/java/runtime/test/com/facebook/upb/runtime/MessagesTest.runfiles/upb//java/runtime/main/com/facebook/upb/runtime/jni -ea -Dbazel.test_suite=com.facebook.upb.runtime.MessagesTest 
java_command: com.google.testing.junit.runner.BazelTestRunner
java_class_path (initial): bazel-bin/java/runtime/test/com/facebook/upb/runtime/MessagesTest.runfiles/upb/java/runtime/test/com/facebook/upb/runtime/MessagesTest.jar:bazel-bin/java/runtime/test/com/facebook/upb/runtime/MessagesTest.runfiles/upb/java/runtime/main/com/facebook/upb/runtime/libruntime.jar:bazel-bin/java/runtime/test/com/facebook/upb/runtime/MessagesTest.runfiles/upb/../maven/v1/https/repo1.maven.org/maven2/com/google/truth/truth/1.1.2/truth-1.1.2.jar:bazel-bin/java/runtime/test/com/facebook/upb/runtime/MessagesTest.runfiles/upb/../maven/v1/https/repo1.maven.org/maven2/com/google/auto/value/auto-value-annotations/1.8.1/auto-value-annotations-1.8.1.jar:bazel-bin/java/runtime/test/com/facebook/upb/runtime/MessagesTest.runfiles/upb/../maven/v1/https/repo1.maven.org/maven2/com/google/errorprone/error_prone_annotations/2.11.0/error_prone_annotations-2.11.0.jar:bazel-bin/java/runtime/test/com/facebook/upb/runtime/MessagesTest.runfiles/upb/../maven/v1/https/repo1.maven.org/maven2/com/google/guava/guava/31.1-jre/guava-31.1-jre.jar:bazel-bin/java/runtime/test/com/facebook/upb/runtime/MessagesTest.runfiles/upb/../maven/v1/https/repo1.maven.org/maven2/com/google/code/findbugs/jsr305/3.0.2/jsr305-3.0.2.jar:bazel-bin/java/runtime/test/com/facebook/upb/runtime/MessagesTest.runfiles/upb/../maven/v1/https/repo1.maven.org/maven2/com/google/guava/failureaccess/1.0.1/failureaccess-1.0.1.jar:bazel-bin/java/runtime/test/com/facebook/upb/runtime/MessagesTest.runfiles/upb/../maven/v1/https/repo1.maven.org/maven2/com/google/guava/listenablefuture/9999.0-empty-to-avoid-conflict-with-guava/listenablefuture-9999.0-empty-to-avoid-conflict-with-guava.jar:bazel-bin/java/runtime/test/com/facebook/upb/runtime/MessagesTest.runfiles/upb/../maven/v1/https/repo1.maven.org/maven2/com/google/j2objc/j2objc-annotations/1.3/j2objc-annotations-1.3.jar:bazel-bin/java/runtime/test/com/facebook/upb/runtime/MessagesTest.runfiles/upb/../maven/v1/https/repo1.maven.org/maven2/org/checkerframework/che
Launcher Type: SUN_STANDARD

[Global flags]
     intx CICompilerCount                          = 4                                         {product} {ergonomic}
     uint ConcGCThreads                            = 2                                         {product} {ergonomic}
     uint G1ConcRefinementThreads                  = 9                                         {product} {ergonomic}
   size_t G1HeapRegionSize                         = 8388608                                   {product} {ergonomic}
    uintx GCDrainStackTargetSize                   = 64                                        {product} {ergonomic}
   size_t InitialHeapSize                          = 1073741824                                {product} {ergonomic}
   size_t MarkStackSize                            = 4194304                                   {product} {ergonomic}
   size_t MaxHeapSize                              = 17179869184                               {product} {ergonomic}
   size_t MaxNewSize                               = 10301210624                               {product} {ergonomic}
   size_t MinHeapDeltaBytes                        = 8388608                                   {product} {ergonomic}
   size_t MinHeapSize                              = 8388608                                   {product} {ergonomic}
    uintx NonNMethodCodeHeapSize                   = 5839564                                {pd product} {ergonomic}
    uintx NonProfiledCodeHeapSize                  = 122909338                              {pd product} {ergonomic}
    uintx ProfiledCodeHeapSize                     = 122909338                              {pd product} {ergonomic}
    uintx ReservedCodeCacheSize                    = 251658240                              {pd product} {ergonomic}
     bool SegmentedCodeCache                       = true                                      {product} {ergonomic}
   size_t SoftMaxHeapSize                          = 17179869184                            {manageable} {ergonomic}
     bool UseCompressedClassPointers               = true                           {product lp64_product} {ergonomic}
     bool UseCompressedOops                        = true                           {product lp64_product} {ergonomic}
     bool UseG1GC                                  = true                                      {product} {ergonomic}
     bool UseNUMA                                  = false                                     {product} {ergonomic}
     bool UseNUMAInterleaving                      = false                                     {product} {ergonomic}

Logging:
Log output configuration:
 #0: stdout all=warning uptime,level,tags
 #1: stderr all=off uptime,level,tags

Environment Variables:
PATH=/Users/carmi/homebrew/bin:/Users/carmi/homebrew/sbin:/Applications/Sublime Text.app/Contents/SharedSupport/bin:/usr/local/bin:/System/Cryptexes/App/usr/bin:/usr/bin:/bin:/usr/sbin:/sbin:/Library/CPE/bin/FBSKSAgent.app/Contents/MacOS:/opt/facebook/bin:/opt/facebook/bin/biggrep:/opt/facebook/nix/bin:/opt/facebook/ops/scripts/chef:/opt/homebrew/bin:/usr/local/munki:/opt/facebook/hg/bin:/opt/android_sdk/emulator:/opt/android_sdk/tools:/opt/android_sdk/tools/bin:/opt/android_sdk/platform-tools:/opt/android_sdk/tools:/opt/android_sdk/platform-tools
SHELL=/bin/zsh
LANG=en_US.UTF-8
TERM=xterm-256color
TMPDIR=/var/folders/vj/1txbpmk55j72fsr3zd86wbb00000gn/T/

Signal Handlers:
   SIGSEGV: crash_handler in libjvm.dylib, mask=11100110000111110111111111111111, flags=SA_RESTART|SA_SIGINFO
    SIGBUS: crash_handler in libjvm.dylib, mask=11100110000111110111111111111111, flags=SA_RESTART|SA_SIGINFO
    SIGFPE: crash_handler in libjvm.dylib, mask=11100110000111110111111111111111, flags=SA_RESTART|SA_SIGINFO
   SIGPIPE: javaSignalHandler in libjvm.dylib, mask=11100110000111110111111111111111, flags=SA_RESTART|SA_SIGINFO
   SIGXFSZ: javaSignalHandler in libjvm.dylib, mask=11100110000111110111111111111111, flags=SA_RESTART|SA_SIGINFO
    SIGILL: crash_handler in libjvm.dylib, mask=11100110000111110111111111111111, flags=SA_RESTART|SA_SIGINFO
   SIGUSR2: SR_handler in libjvm.dylib, mask=00000000000000000000000000000000, flags=SA_RESTART|SA_SIGINFO
    SIGHUP: UserHandler in libjvm.dylib, mask=11100110000111110111111111111111, flags=SA_RESTART|SA_SIGINFO
    SIGINT: UserHandler in libjvm.dylib, mask=11100110000111110111111111111111, flags=SA_RESTART|SA_SIGINFO
   SIGTERM: UserHandler in libjvm.dylib, mask=11100110000111110111111111111111, flags=SA_RESTART|SA_SIGINFO
   SIGQUIT: UserHandler in libjvm.dylib, mask=11100110000111110111111111111111, flags=SA_RESTART|SA_SIGINFO
  *** Handler was modified!
  *** Expected: javaSignalHandler in libjvm.dylib, mask=11100110100111111111111111111111, flags=SA_RESTART|SA_SIGINFO
   SIGTRAP: crash_handler in libjvm.dylib, mask=11100110000111110111111111111111, flags=SA_RESTART|SA_SIGINFO


---------------  S Y S T E M  ---------------

OS:
uname: Darwin 22.3.0 Darwin Kernel Version 22.3.0: Mon Jan 30 20:38:37 PST 2023; root:xnu-8792.81.3~2/RELEASE_ARM64_T6000 arm64
OS uptime: 4 days 4:32 hours
rlimit (soft/hard): STACK 8176k/65520k , CORE 0k/infinity , NPROC 10666/16000 , NOFILE 10240/1048576 , AS infinity/infinity , CPU infinity/infinity , DATA infinity/infinity , FSIZE infinity/infinity , MEMLOCK infinity/infinity , RSS infinity/infinity
load average: 4.41 4.46 4.73

CPU: total 10 (initial active 10) 0x61:0x0:0x1b588bb3:0, fp, simd, crc, lse

Memory: 16k page, physical 67108864k(544704k free), swap 0k(0k free)

vm_info: OpenJDK 64-Bit Server VM (17.0.5+8-LTS) for bsd-aarch64 JRE (17.0.5+8-LTS) (Zulu17.38+21-CA), built on Oct  7 2022 05:50:30 by "zulu_re" with clang Apple LLVM 12.0.0 (clang-1200.0.32.28)

END.
